
*** Running vivado
    with args -log alu32.vdi -applog -m64 -product Vivado -messageDb vivado.pb -mode batch -source alu32.tcl -notrace


****** Vivado v2024.2.1 (64-bit)
  **** SW Build 5266912 on Sun Dec 15 09:03:31 MST 2024
  **** IP Build 5264866 on Sun Dec 15 16:27:47 MST 2024
  **** SharedData Build 5264680 on Wed Dec 11 12:48:36 MST 2024
  **** Start of session at: Tue Jan 28 19:04:54 2025
    ** Copyright 1986-2022 Xilinx, Inc. All Rights Reserved.
    ** Copyright 2022-2024 Advanced Micro Devices, Inc. All Rights Reserved.

source alu32.tcl -notrace
Command: link_design -top alu32 -part xc7a35tcpg236-1
Design is defaulting to srcset: sources_1
Design is defaulting to constrset: constrs_1
INFO: [Device 21-403] Loading part xc7a35tcpg236-1
Netlist sorting complete. Time (s): cpu = 00:00:00 ; elapsed = 00:00:00 . Memory (MB): peak = 1450.367 ; gain = 0.000 ; free physical = 4722 ; free virtual = 26663
INFO: [Project 1-479] Netlist was created with Vivado 2024.2.1
INFO: [Project 1-570] Preparing netlist for logic optimization
Read ShapeDB Complete: Time (s): cpu = 00:00:00 ; elapsed = 00:00:00 . Memory (MB): peak = 1519.117 ; gain = 0.000 ; free physical = 4651 ; free virtual = 26594
Netlist sorting complete. Time (s): cpu = 00:00:00 ; elapsed = 00:00:00 . Memory (MB): peak = 1519.117 ; gain = 0.000 ; free physical = 4651 ; free virtual = 26594
INFO: [Project 1-111] Unisim Transformation Summary:
No Unisim elements were transformed.

4 Infos, 0 Warnings, 0 Critical Warnings and 0 Errors encountered.
link_design completed successfully
Command: opt_design
Attempting to get a license for feature 'Implementation' and/or device 'xc7a35t'
INFO: [Common 17-349] Got license for feature 'Implementation' and/or device 'xc7a35t'
Running DRC as a precondition to command opt_design

Starting DRC Task
INFO: [DRC 23-27] Running DRC with 8 threads
INFO: [Project 1-461] DRC finished with 0 Errors
INFO: [Project 1-462] Please refer to the DRC report (report_drc) for more information.

Time (s): cpu = 00:00:00.59 ; elapsed = 00:00:00.25 . Memory (MB): peak = 1766.445 ; gain = 219.516 ; free physical = 4482 ; free virtual = 26425

Starting Cache Timing Information Task
INFO: [Timing 38-35] Done setting XDC timing constraints.
Ending Cache Timing Information Task | Checksum: 1ebf6b0f2

Time (s): cpu = 00:00:04 ; elapsed = 00:00:04 . Memory (MB): peak = 2141.398 ; gain = 374.953 ; free physical = 4194 ; free virtual = 26141

Starting Logic Optimization Task

Phase 1 Initialization

Phase 1.1 Core Generation And Design Setup
Phase 1.1 Core Generation And Design Setup | Checksum: 1ebf6b0f2

Time (s): cpu = 00:00:00 ; elapsed = 00:00:00 . Memory (MB): peak = 2487.289 ; gain = 0.000 ; free physical = 3871 ; free virtual = 25809

Phase 1.2 Setup Constraints And Sort Netlist
Phase 1.2 Setup Constraints And Sort Netlist | Checksum: 1ebf6b0f2

Time (s): cpu = 00:00:00.01 ; elapsed = 00:00:00 . Memory (MB): peak = 2487.289 ; gain = 0.000 ; free physical = 3871 ; free virtual = 25809
Phase 1 Initialization | Checksum: 1ebf6b0f2

Time (s): cpu = 00:00:00.01 ; elapsed = 00:00:00 . Memory (MB): peak = 2487.289 ; gain = 0.000 ; free physical = 3871 ; free virtual = 25809

Phase 2 Timer Update And Timing Data Collection

Phase 2.1 Timer Update
Phase 2.1 Timer Update | Checksum: 1ebf6b0f2

Time (s): cpu = 00:00:00.01 ; elapsed = 00:00:00 . Memory (MB): peak = 2487.289 ; gain = 0.000 ; free physical = 3871 ; free virtual = 25809

Phase 2.2 Timing Data Collection
Phase 2.2 Timing Data Collection | Checksum: 1ebf6b0f2

Time (s): cpu = 00:00:00.01 ; elapsed = 00:00:00.01 . Memory (MB): peak = 2487.289 ; gain = 0.000 ; free physical = 3871 ; free virtual = 25809
Phase 2 Timer Update And Timing Data Collection | Checksum: 1ebf6b0f2

Time (s): cpu = 00:00:00.01 ; elapsed = 00:00:00.01 . Memory (MB): peak = 2487.289 ; gain = 0.000 ; free physical = 3871 ; free virtual = 25809

Phase 3 Retarget
INFO: [Opt 31-1851] Number of loadless carry chains removed were: 0
INFO: [Opt 31-1834] Total Chains To Be Transformed Were: 0 AND Number of Transformed insts Created are: 0
INFO: [Opt 31-138] Pushed 0 inverter(s) to 0 load pin(s).
INFO: [Opt 31-49] Retargeted 0 cell(s).
Phase 3 Retarget | Checksum: 1ebf6b0f2

Time (s): cpu = 00:00:00.03 ; elapsed = 00:00:00.03 . Memory (MB): peak = 2487.289 ; gain = 0.000 ; free physical = 3871 ; free virtual = 25809
Retarget | Checksum: 1ebf6b0f2
INFO: [Opt 31-389] Phase Retarget created 0 cells and removed 0 cells

Phase 4 Constant propagation
INFO: [Opt 31-138] Pushed 0 inverter(s) to 0 load pin(s).
Phase 4 Constant propagation | Checksum: 1ebf6b0f2

Time (s): cpu = 00:00:00.03 ; elapsed = 00:00:00.03 . Memory (MB): peak = 2487.289 ; gain = 0.000 ; free physical = 3871 ; free virtual = 25809
Constant propagation | Checksum: 1ebf6b0f2
INFO: [Opt 31-389] Phase Constant propagation created 0 cells and removed 0 cells

Phase 5 Sweep
INFO: [Constraints 18-11670] Building netlist checker database with flags, 0x8
Done building netlist checker database: Time (s): cpu = 00:00:00 ; elapsed = 00:00:00 . Memory (MB): peak = 2487.289 ; gain = 0.000 ; free physical = 3871 ; free virtual = 25809
Phase 5 Sweep | Checksum: 1ebf6b0f2

Time (s): cpu = 00:00:00.03 ; elapsed = 00:00:00.03 . Memory (MB): peak = 2487.289 ; gain = 0.000 ; free physical = 3871 ; free virtual = 25809
Sweep | Checksum: 1ebf6b0f2
INFO: [Opt 31-389] Phase Sweep created 0 cells and removed 0 cells

Phase 6 BUFG optimization
Phase 6 BUFG optimization | Checksum: 1ebf6b0f2

Time (s): cpu = 00:00:00.04 ; elapsed = 00:00:00.03 . Memory (MB): peak = 2519.305 ; gain = 32.016 ; free physical = 3871 ; free virtual = 25809
BUFG optimization | Checksum: 1ebf6b0f2
INFO: [Opt 31-662] Phase BUFG optimization created 0 cells of which 0 are BUFGs and removed 0 cells.

Phase 7 Shift Register Optimization
INFO: [Opt 31-1064] SRL Remap converted 0 SRLs to 0 registers and converted 0 registers of register chains to 0 SRLs
Phase 7 Shift Register Optimization | Checksum: 1ebf6b0f2

Time (s): cpu = 00:00:00.04 ; elapsed = 00:00:00.04 . Memory (MB): peak = 2519.305 ; gain = 32.016 ; free physical = 3871 ; free virtual = 25809
Shift Register Optimization | Checksum: 1ebf6b0f2
INFO: [Opt 31-389] Phase Shift Register Optimization created 0 cells and removed 0 cells

Phase 8 Post Processing Netlist
Phase 8 Post Processing Netlist | Checksum: 1ebf6b0f2

Time (s): cpu = 00:00:00.04 ; elapsed = 00:00:00.04 . Memory (MB): peak = 2519.305 ; gain = 32.016 ; free physical = 3871 ; free virtual = 25809
Post Processing Netlist | Checksum: 1ebf6b0f2
INFO: [Opt 31-389] Phase Post Processing Netlist created 0 cells and removed 0 cells

Phase 9 Finalization

Phase 9.1 Finalizing Design Cores and Updating Shapes
Phase 9.1 Finalizing Design Cores and Updating Shapes | Checksum: 1ebf6b0f2

Time (s): cpu = 00:00:00.04 ; elapsed = 00:00:00.04 . Memory (MB): peak = 2519.305 ; gain = 32.016 ; free physical = 3871 ; free virtual = 25809

Phase 9.2 Verifying Netlist Connectivity

Starting Connectivity Check Task

Time (s): cpu = 00:00:00 ; elapsed = 00:00:00 . Memory (MB): peak = 2519.305 ; gain = 0.000 ; free physical = 3871 ; free virtual = 25809
Phase 9.2 Verifying Netlist Connectivity | Checksum: 1ebf6b0f2

Time (s): cpu = 00:00:00.04 ; elapsed = 00:00:00.04 . Memory (MB): peak = 2519.305 ; gain = 32.016 ; free physical = 3871 ; free virtual = 25809
Phase 9 Finalization | Checksum: 1ebf6b0f2

Time (s): cpu = 00:00:00.04 ; elapsed = 00:00:00.04 . Memory (MB): peak = 2519.305 ; gain = 32.016 ; free physical = 3871 ; free virtual = 25809
Opt_design Change Summary
=========================


-------------------------------------------------------------------------------------------------------------------------
|  Phase                        |  #Cells created  |  #Cells Removed  |  #Constrained objects preventing optimizations  |
-------------------------------------------------------------------------------------------------------------------------
|  Retarget                     |               0  |               0  |                                              0  |
|  Constant propagation         |               0  |               0  |                                              0  |
|  Sweep                        |               0  |               0  |                                              0  |
|  BUFG optimization            |               0  |               0  |                                              0  |
|  Shift Register Optimization  |               0  |               0  |                                              0  |
|  Post Processing Netlist      |               0  |               0  |                                              0  |
-------------------------------------------------------------------------------------------------------------------------


Ending Logic Optimization Task | Checksum: 1ebf6b0f2

Time (s): cpu = 00:00:00.04 ; elapsed = 00:00:00.04 . Memory (MB): peak = 2519.305 ; gain = 32.016 ; free physical = 3871 ; free virtual = 25809

Starting Power Optimization Task
INFO: [Pwropt 34-132] Skipping clock gating for clocks with a period < 2.00 ns.
Ending Power Optimization Task | Checksum: 1ebf6b0f2

Time (s): cpu = 00:00:00.01 ; elapsed = 00:00:00 . Memory (MB): peak = 2519.305 ; gain = 0.000 ; free physical = 3871 ; free virtual = 25809

Starting Final Cleanup Task
Ending Final Cleanup Task | Checksum: 1ebf6b0f2

Time (s): cpu = 00:00:00 ; elapsed = 00:00:00 . Memory (MB): peak = 2519.305 ; gain = 0.000 ; free physical = 3871 ; free virtual = 25809

Starting Netlist Obfuscation Task
Netlist sorting complete. Time (s): cpu = 00:00:00 ; elapsed = 00:00:00 . Memory (MB): peak = 2519.305 ; gain = 0.000 ; free physical = 3871 ; free virtual = 25809
Ending Netlist Obfuscation Task | Checksum: 1ebf6b0f2

Time (s): cpu = 00:00:00 ; elapsed = 00:00:00 . Memory (MB): peak = 2519.305 ; gain = 0.000 ; free physical = 3871 ; free virtual = 25809
INFO: [Common 17-83] Releasing license: Implementation
24 Infos, 0 Warnings, 0 Critical Warnings and 0 Errors encountered.
opt_design completed successfully
opt_design: Time (s): cpu = 00:00:06 ; elapsed = 00:00:05 . Memory (MB): peak = 2519.305 ; gain = 972.375 ; free physical = 3871 ; free virtual = 25809
INFO: [Vivado 12-24828] Executing command : report_drc -file alu32_drc_opted.rpt -pb alu32_drc_opted.pb -rpx alu32_drc_opted.rpx
Command: report_drc -file alu32_drc_opted.rpt -pb alu32_drc_opted.pb -rpx alu32_drc_opted.rpx
INFO: [IP_Flow 19-234] Refreshing IP repositories
INFO: [IP_Flow 19-1704] No user IP repositories specified
INFO: [IP_Flow 19-2313] Loaded Vivado IP repository '/home/Sol/vivado/Vivado/2024.2/data/ip'.
INFO: [DRC 23-27] Running DRC with 8 threads
INFO: [Vivado_Tcl 2-168] The results of DRC are in file /home/Sol/CMPE-260-Digital-System-Design-II/alu32/alu32.runs/impl_1/alu32_drc_opted.rpt.
report_drc completed successfully
Write ShapeDB Complete: Time (s): cpu = 00:00:00 ; elapsed = 00:00:00 . Memory (MB): peak = 2548.055 ; gain = 0.000 ; free physical = 3827 ; free virtual = 25766
INFO: [Common 17-1381] The checkpoint '/home/Sol/CMPE-260-Digital-System-Design-II/alu32/alu32.runs/impl_1/alu32_opt.dcp' has been generated.
Command: place_design
Attempting to get a license for feature 'Implementation' and/or device 'xc7a35t'
INFO: [Common 17-349] Got license for feature 'Implementation' and/or device 'xc7a35t'
INFO: [Common 17-83] Releasing license: Implementation
INFO: [DRC 23-27] Running DRC with 8 threads
INFO: [Vivado_Tcl 4-198] DRC finished with 0 Errors
INFO: [Vivado_Tcl 4-199] Please refer to the DRC report (report_drc) for more information.
Running DRC as a precondition to command place_design
INFO: [DRC 23-27] Running DRC with 8 threads
INFO: [Vivado_Tcl 4-198] DRC finished with 0 Errors
INFO: [Vivado_Tcl 4-199] Please refer to the DRC report (report_drc) for more information.
INFO: [Place 30-611] Multithreading enabled for place_design using a maximum of 8 CPUs

Starting Placer Task

Phase 1 Placer Initialization

Phase 1.1 Placer Initialization Netlist Sorting
Netlist sorting complete. Time (s): cpu = 00:00:00 ; elapsed = 00:00:00 . Memory (MB): peak = 2572.066 ; gain = 0.000 ; free physical = 3801 ; free virtual = 25740
Phase 1.1 Placer Initialization Netlist Sorting | Checksum: 1391df918

Time (s): cpu = 00:00:00 ; elapsed = 00:00:00 . Memory (MB): peak = 2572.066 ; gain = 0.000 ; free physical = 3801 ; free virtual = 25740
Netlist sorting complete. Time (s): cpu = 00:00:00 ; elapsed = 00:00:00 . Memory (MB): peak = 2572.066 ; gain = 0.000 ; free physical = 3801 ; free virtual = 25740

Phase 1.2 IO Placement/ Clock Placement/ Build Placer Device
INFO: [Timing 38-35] Done setting XDC timing constraints.
Phase 1.2 IO Placement/ Clock Placement/ Build Placer Device | Checksum: 1d23e4a86

Time (s): cpu = 00:00:00.25 ; elapsed = 00:00:00.12 . Memory (MB): peak = 2604.082 ; gain = 32.016 ; free physical = 3800 ; free virtual = 25740

Phase 1.3 Build Placer Netlist Model
Phase 1.3 Build Placer Netlist Model | Checksum: 20749907c

Time (s): cpu = 00:00:00.31 ; elapsed = 00:00:00.14 . Memory (MB): peak = 2604.082 ; gain = 32.016 ; free physical = 3800 ; free virtual = 25740

Phase 1.4 Constrain Clocks/Macros
Phase 1.4 Constrain Clocks/Macros | Checksum: 20749907c

Time (s): cpu = 00:00:00.31 ; elapsed = 00:00:00.14 . Memory (MB): peak = 2604.082 ; gain = 32.016 ; free physical = 3800 ; free virtual = 25740
Phase 1 Placer Initialization | Checksum: 20749907c

Time (s): cpu = 00:00:00.32 ; elapsed = 00:00:00.15 . Memory (MB): peak = 2604.082 ; gain = 32.016 ; free physical = 3800 ; free virtual = 25740

Phase 2 Global Placement

Phase 2.1 Floorplanning
Phase 2.1 Floorplanning | Checksum: 20749907c

Time (s): cpu = 00:00:00.32 ; elapsed = 00:00:00.15 . Memory (MB): peak = 2604.082 ; gain = 32.016 ; free physical = 3800 ; free virtual = 25740

Phase 2.2 Update Timing before SLR Path Opt
Phase 2.2 Update Timing before SLR Path Opt | Checksum: 20749907c

Time (s): cpu = 00:00:00.32 ; elapsed = 00:00:00.15 . Memory (MB): peak = 2604.082 ; gain = 32.016 ; free physical = 3800 ; free virtual = 25740

Phase 2.3 Post-Processing in Floorplanning
Phase 2.3 Post-Processing in Floorplanning | Checksum: 20749907c

Time (s): cpu = 00:00:00.32 ; elapsed = 00:00:00.15 . Memory (MB): peak = 2604.082 ; gain = 32.016 ; free physical = 3800 ; free virtual = 25740

Phase 2.4 Global Place Phase1
Phase 2.4 Global Place Phase1 | Checksum: 2b6e0ffe4

Time (s): cpu = 00:00:00.83 ; elapsed = 00:00:00.31 . Memory (MB): peak = 2636.098 ; gain = 64.031 ; free physical = 3802 ; free virtual = 25742

Phase 2.5 Global Place Phase2
WARNING: [Place 46-29] Timing had been disabled during Placer and, therefore, physical synthesis in Placer will be skipped.
Phase 2.5 Global Place Phase2 | Checksum: 228aab92a

Time (s): cpu = 00:00:00.94 ; elapsed = 00:00:00.34 . Memory (MB): peak = 2636.098 ; gain = 64.031 ; free physical = 3841 ; free virtual = 25781
Phase 2 Global Placement | Checksum: 228aab92a

Time (s): cpu = 00:00:00.94 ; elapsed = 00:00:00.34 . Memory (MB): peak = 2636.098 ; gain = 64.031 ; free physical = 3841 ; free virtual = 25781

Phase 3 Detail Placement

Phase 3.1 Commit Multi Column Macros
Phase 3.1 Commit Multi Column Macros | Checksum: 228aab92a

Time (s): cpu = 00:00:00.94 ; elapsed = 00:00:00.34 . Memory (MB): peak = 2636.098 ; gain = 64.031 ; free physical = 3841 ; free virtual = 25781

Phase 3.2 Commit Most Macros & LUTRAMs
Phase 3.2 Commit Most Macros & LUTRAMs | Checksum: 2bc8b72fd

Time (s): cpu = 00:00:00.96 ; elapsed = 00:00:00.35 . Memory (MB): peak = 2636.098 ; gain = 64.031 ; free physical = 3841 ; free virtual = 25781

Phase 3.3 Area Swap Optimization
Phase 3.3 Area Swap Optimization | Checksum: 24eba04ef

Time (s): cpu = 00:00:00.98 ; elapsed = 00:00:00.35 . Memory (MB): peak = 2636.098 ; gain = 64.031 ; free physical = 3843 ; free virtual = 25783

Phase 3.4 Pipeline Register Optimization
Phase 3.4 Pipeline Register Optimization | Checksum: 24eba04ef

Time (s): cpu = 00:00:01 ; elapsed = 00:00:00.35 . Memory (MB): peak = 2636.098 ; gain = 64.031 ; free physical = 3847 ; free virtual = 25787

Phase 3.5 Small Shape Detail Placement
Phase 3.5 Small Shape Detail Placement | Checksum: 264c6078a

Time (s): cpu = 00:00:01 ; elapsed = 00:00:00.42 . Memory (MB): peak = 2636.098 ; gain = 64.031 ; free physical = 3850 ; free virtual = 25790

Phase 3.6 Re-assign LUT pins
Phase 3.6 Re-assign LUT pins | Checksum: 264c6078a

Time (s): cpu = 00:00:01 ; elapsed = 00:00:00.43 . Memory (MB): peak = 2636.098 ; gain = 64.031 ; free physical = 3850 ; free virtual = 25790

Phase 3.7 Pipeline Register Optimization
Phase 3.7 Pipeline Register Optimization | Checksum: 264c6078a

Time (s): cpu = 00:00:01 ; elapsed = 00:00:00.43 . Memory (MB): peak = 2636.098 ; gain = 64.031 ; free physical = 3850 ; free virtual = 25790
Phase 3 Detail Placement | Checksum: 264c6078a

Time (s): cpu = 00:00:01 ; elapsed = 00:00:00.43 . Memory (MB): peak = 2636.098 ; gain = 64.031 ; free physical = 3850 ; free virtual = 25790

Phase 4 Post Placement Optimization and Clean-Up

Phase 4.1 Post Commit Optimization
Phase 4.1 Post Commit Optimization | Checksum: 264c6078a

Time (s): cpu = 00:00:01 ; elapsed = 00:00:00.45 . Memory (MB): peak = 2636.098 ; gain = 64.031 ; free physical = 3850 ; free virtual = 25790

Phase 4.2 Post Placement Cleanup
Phase 4.2 Post Placement Cleanup | Checksum: 264c6078a

Time (s): cpu = 00:00:01 ; elapsed = 00:00:00.45 . Memory (MB): peak = 2636.098 ; gain = 64.031 ; free physical = 3850 ; free virtual = 25790

Phase 4.3 Placer Reporting

Phase 4.3.1 Print Estimated Congestion
INFO: [Place 30-612] Post-Placement Estimated Congestion 
 ____________________________________________________
|           | Global Congestion | Short Congestion  |
| Direction | Region Size       | Region Size       |
|___________|___________________|___________________|
|      North|                1x1|                1x1|
|___________|___________________|___________________|
|      South|                1x1|                1x1|
|___________|___________________|___________________|
|       East|                1x1|                1x1|
|___________|___________________|___________________|
|       West|                1x1|                1x1|
|___________|___________________|___________________|

Phase 4.3.1 Print Estimated Congestion | Checksum: 264c6078a

Time (s): cpu = 00:00:01 ; elapsed = 00:00:00.45 . Memory (MB): peak = 2636.098 ; gain = 64.031 ; free physical = 3850 ; free virtual = 25790
Phase 4.3 Placer Reporting | Checksum: 264c6078a

Time (s): cpu = 00:00:01 ; elapsed = 00:00:00.45 . Memory (MB): peak = 2636.098 ; gain = 64.031 ; free physical = 3850 ; free virtual = 25790

Phase 4.4 Final Placement Cleanup
Netlist sorting complete. Time (s): cpu = 00:00:00 ; elapsed = 00:00:00 . Memory (MB): peak = 2636.098 ; gain = 0.000 ; free physical = 3850 ; free virtual = 25790

Time (s): cpu = 00:00:01 ; elapsed = 00:00:00.45 . Memory (MB): peak = 2636.098 ; gain = 64.031 ; free physical = 3850 ; free virtual = 25790
Phase 4 Post Placement Optimization and Clean-Up | Checksum: 264c6078a

Time (s): cpu = 00:00:01 ; elapsed = 00:00:00.45 . Memory (MB): peak = 2636.098 ; gain = 64.031 ; free physical = 3850 ; free virtual = 25790
Ending Placer Task | Checksum: 1e735fb48

Time (s): cpu = 00:00:01 ; elapsed = 00:00:00.45 . Memory (MB): peak = 2636.098 ; gain = 64.031 ; free physical = 3850 ; free virtual = 25790
42 Infos, 1 Warnings, 0 Critical Warnings and 0 Errors encountered.
place_design completed successfully
INFO: [Vivado 12-24838] Running report commands "report_control_sets, report_io, report_utilization" in parallel.
Running report generation with 3 threads.
INFO: [Vivado 12-24828] Executing command : report_utilization -file alu32_utilization_placed.rpt -pb alu32_utilization_placed.pb
INFO: [Vivado 12-24828] Executing command : report_control_sets -verbose -file alu32_control_sets_placed.rpt
report_control_sets: Time (s): cpu = 00:00:00.05 ; elapsed = 00:00:00.03 . Memory (MB): peak = 2636.098 ; gain = 0.000 ; free physical = 3834 ; free virtual = 25774
INFO: [Vivado 12-24828] Executing command : report_io -file alu32_io_placed.rpt
report_io: Time (s): cpu = 00:00:00.1 ; elapsed = 00:00:00.1 . Memory (MB): peak = 2636.098 ; gain = 0.000 ; free physical = 3830 ; free virtual = 25770
Write ShapeDB Complete: Time (s): cpu = 00:00:00.01 ; elapsed = 00:00:00 . Memory (MB): peak = 2636.098 ; gain = 0.000 ; free physical = 3828 ; free virtual = 25769
Wrote PlaceDB: Time (s): cpu = 00:00:00.01 ; elapsed = 00:00:00.01 . Memory (MB): peak = 2636.098 ; gain = 0.000 ; free physical = 3828 ; free virtual = 25769
Wrote PulsedLatchDB: Time (s): cpu = 00:00:00 ; elapsed = 00:00:00 . Memory (MB): peak = 2636.098 ; gain = 0.000 ; free physical = 3828 ; free virtual = 25769
Writing XDEF routing.
Writing XDEF routing logical nets.
Writing XDEF routing special nets.
Wrote RouteStorage: Time (s): cpu = 00:00:00.04 ; elapsed = 00:00:00.04 . Memory (MB): peak = 2636.098 ; gain = 0.000 ; free physical = 3820 ; free virtual = 25761
Wrote Netlist Cache: Time (s): cpu = 00:00:00 ; elapsed = 00:00:00 . Memory (MB): peak = 2636.098 ; gain = 0.000 ; free physical = 3820 ; free virtual = 25761
Wrote Device Cache: Time (s): cpu = 00:00:00.01 ; elapsed = 00:00:00.01 . Memory (MB): peak = 2636.098 ; gain = 0.000 ; free physical = 3820 ; free virtual = 25761
Write Physdb Complete: Time (s): cpu = 00:00:00.06 ; elapsed = 00:00:00.06 . Memory (MB): peak = 2636.098 ; gain = 0.000 ; free physical = 3820 ; free virtual = 25761
INFO: [Common 17-1381] The checkpoint '/home/Sol/CMPE-260-Digital-System-Design-II/alu32/alu32.runs/impl_1/alu32_placed.dcp' has been generated.
Command: phys_opt_design
Attempting to get a license for feature 'Implementation' and/or device 'xc7a35t'
INFO: [Common 17-349] Got license for feature 'Implementation' and/or device 'xc7a35t'

Starting Initial Update Timing Task

Time (s): cpu = 00:00:00.01 ; elapsed = 00:00:00.01 . Memory (MB): peak = 2636.098 ; gain = 0.000 ; free physical = 3803 ; free virtual = 25744
INFO: [Vivado_Tcl 4-235] No timing constraint found. The netlist was not modified.
INFO: [Common 17-83] Releasing license: Implementation
50 Infos, 1 Warnings, 0 Critical Warnings and 0 Errors encountered.
phys_opt_design completed successfully
Write ShapeDB Complete: Time (s): cpu = 00:00:00 ; elapsed = 00:00:00 . Memory (MB): peak = 2636.098 ; gain = 0.000 ; free physical = 3803 ; free virtual = 25744
Wrote PlaceDB: Time (s): cpu = 00:00:00.02 ; elapsed = 00:00:00.02 . Memory (MB): peak = 2636.098 ; gain = 0.000 ; free physical = 3803 ; free virtual = 25743
Wrote PulsedLatchDB: Time (s): cpu = 00:00:00 ; elapsed = 00:00:00 . Memory (MB): peak = 2636.098 ; gain = 0.000 ; free physical = 3803 ; free virtual = 25743
Writing XDEF routing.
Writing XDEF routing logical nets.
Writing XDEF routing special nets.
Wrote RouteStorage: Time (s): cpu = 00:00:00 ; elapsed = 00:00:00 . Memory (MB): peak = 2636.098 ; gain = 0.000 ; free physical = 3803 ; free virtual = 25744
Wrote Netlist Cache: Time (s): cpu = 00:00:00 ; elapsed = 00:00:00 . Memory (MB): peak = 2636.098 ; gain = 0.000 ; free physical = 3803 ; free virtual = 25744
Wrote Device Cache: Time (s): cpu = 00:00:00 ; elapsed = 00:00:00.01 . Memory (MB): peak = 2636.098 ; gain = 0.000 ; free physical = 3803 ; free virtual = 25744
Write Physdb Complete: Time (s): cpu = 00:00:00.03 ; elapsed = 00:00:00.03 . Memory (MB): peak = 2636.098 ; gain = 0.000 ; free physical = 3803 ; free virtual = 25744
INFO: [Common 17-1381] The checkpoint '/home/Sol/CMPE-260-Digital-System-Design-II/alu32/alu32.runs/impl_1/alu32_physopt.dcp' has been generated.
Command: route_design
Attempting to get a license for feature 'Implementation' and/or device 'xc7a35t'
INFO: [Common 17-349] Got license for feature 'Implementation' and/or device 'xc7a35t'


Starting Routing Task
INFO: [Route 35-254] Multithreading enabled for route_design using a maximum of 8 CPUs

Phase 1 Build RT Design
Checksum: PlaceDB: ae180230 ConstDB: 0 ShapeSum: 989c9cc1 RouteDB: a0815c57
Post Restoration Checksum: NetGraph: 5f77524a | NumContArr: 4577e59d | Constraints: c2a8fa9d | Timing: c2a8fa9d
Phase 1 Build RT Design | Checksum: 22a412d21

Time (s): cpu = 00:00:10 ; elapsed = 00:00:09 . Memory (MB): peak = 2688.539 ; gain = 52.441 ; free physical = 3658 ; free virtual = 25604

Phase 2 Router Initialization
INFO: [Route 35-64] No timing constraints were detected. The router will operate in resource-optimization mode.

Phase 2.1 Fix Topology Constraints
Phase 2.1 Fix Topology Constraints | Checksum: 22a412d21

Time (s): cpu = 00:00:10 ; elapsed = 00:00:09 . Memory (MB): peak = 2719.539 ; gain = 83.441 ; free physical = 3623 ; free virtual = 25569

Phase 2.2 Pre Route Cleanup
Phase 2.2 Pre Route Cleanup | Checksum: 22a412d21

Time (s): cpu = 00:00:10 ; elapsed = 00:00:09 . Memory (MB): peak = 2719.539 ; gain = 83.441 ; free physical = 3623 ; free virtual = 25569
 Number of Nodes with overlaps = 0

Router Utilization Summary
  Global Vertical Routing Utilization    = 0 %
  Global Horizontal Routing Utilization  = 0 %
  Routable Net Status*
  *Does not include unroutable nets such as driverless and loadless.
  Run report_route_status for detailed report.
  Number of Failed Nets               = 345
    (Failed Nets is the sum of unrouted and partially routed nets)
  Number of Unrouted Nets             = 345
  Number of Partially Routed Nets     = 0
  Number of Node Overlaps             = 0

Phase 2 Router Initialization | Checksum: 214689602

Time (s): cpu = 00:00:11 ; elapsed = 00:00:09 . Memory (MB): peak = 2736.539 ; gain = 100.441 ; free physical = 3637 ; free virtual = 25584

Phase 3 Global Routing
Phase 3 Global Routing | Checksum: 214689602

Time (s): cpu = 00:00:11 ; elapsed = 00:00:09 . Memory (MB): peak = 2736.539 ; gain = 100.441 ; free physical = 3643 ; free virtual = 25590

Phase 4 Initial Routing

Phase 4.1 Initial Net Routing Pass
Phase 4.1 Initial Net Routing Pass | Checksum: 2f1b11ba8

Time (s): cpu = 00:00:11 ; elapsed = 00:00:09 . Memory (MB): peak = 2736.539 ; gain = 100.441 ; free physical = 3653 ; free virtual = 25600
Phase 4 Initial Routing | Checksum: 2f1b11ba8

Time (s): cpu = 00:00:11 ; elapsed = 00:00:09 . Memory (MB): peak = 2736.539 ; gain = 100.441 ; free physical = 3653 ; free virtual = 25600

Phase 5 Rip-up And Reroute

Phase 5.1 Global Iteration 0
 Number of Nodes with overlaps = 28
 Number of Nodes with overlaps = 0
Phase 5.1 Global Iteration 0 | Checksum: 232c7196a

Time (s): cpu = 00:00:11 ; elapsed = 00:00:09 . Memory (MB): peak = 2736.539 ; gain = 100.441 ; free physical = 3653 ; free virtual = 25600
Phase 5 Rip-up And Reroute | Checksum: 232c7196a

Time (s): cpu = 00:00:11 ; elapsed = 00:00:09 . Memory (MB): peak = 2736.539 ; gain = 100.441 ; free physical = 3653 ; free virtual = 25600

Phase 6 Delay and Skew Optimization
Phase 6 Delay and Skew Optimization | Checksum: 232c7196a

Time (s): cpu = 00:00:11 ; elapsed = 00:00:09 . Memory (MB): peak = 2736.539 ; gain = 100.441 ; free physical = 3653 ; free virtual = 25600

Phase 7 Post Hold Fix

Phase 7.1 Hold Fix Iter
Phase 7.1 Hold Fix Iter | Checksum: 232c7196a

Time (s): cpu = 00:00:11 ; elapsed = 00:00:09 . Memory (MB): peak = 2736.539 ; gain = 100.441 ; free physical = 3653 ; free virtual = 25600
Phase 7 Post Hold Fix | Checksum: 232c7196a

Time (s): cpu = 00:00:11 ; elapsed = 00:00:09 . Memory (MB): peak = 2736.539 ; gain = 100.441 ; free physical = 3653 ; free virtual = 25600

Phase 8 Route finalize

Router Utilization Summary
  Global Vertical Routing Utilization    = 0.327832 %
  Global Horizontal Routing Utilization  = 0.295419 %
  Routable Net Status*
  *Does not include unroutable nets such as driverless and loadless.
  Run report_route_status for detailed report.
  Number of Failed Nets               = 0
    (Failed Nets is the sum of unrouted and partially routed nets)
  Number of Unrouted Nets             = 0
  Number of Partially Routed Nets     = 0
  Number of Node Overlaps             = 0


--GLOBAL Congestion:
Utilization threshold used for congestion level computation: 0.85
Congestion Report
North Dir 1x1 Area, Max Cong = 19.8198%, No Congested Regions.
South Dir 1x1 Area, Max Cong = 28.8288%, No Congested Regions.
East Dir 1x1 Area, Max Cong = 32.3529%, No Congested Regions.
West Dir 1x1 Area, Max Cong = 23.5294%, No Congested Regions.

------------------------------
Reporting congestion hotspots
------------------------------
Direction: North
----------------
Congested clusters found at Level 0
Effective congestion level: 0 Aspect Ratio: 1 Sparse Ratio: 0
Direction: South
----------------
Congested clusters found at Level 0
Effective congestion level: 0 Aspect Ratio: 1 Sparse Ratio: 0
Direction: East
----------------
Congested clusters found at Level 0
Effective congestion level: 0 Aspect Ratio: 1 Sparse Ratio: 0
Direction: West
----------------
Congested clusters found at Level 0
Effective congestion level: 0 Aspect Ratio: 1 Sparse Ratio: 0

Phase 8 Route finalize | Checksum: 232c7196a

Time (s): cpu = 00:00:11 ; elapsed = 00:00:09 . Memory (MB): peak = 2736.539 ; gain = 100.441 ; free physical = 3653 ; free virtual = 25600

Phase 9 Verifying routed nets

 Verification completed successfully
Phase 9 Verifying routed nets | Checksum: 232c7196a

Time (s): cpu = 00:00:11 ; elapsed = 00:00:09 . Memory (MB): peak = 2736.539 ; gain = 100.441 ; free physical = 3653 ; free virtual = 25600

Phase 10 Depositing Routes
Phase 10 Depositing Routes | Checksum: 1fe2ef5c6

Time (s): cpu = 00:00:11 ; elapsed = 00:00:09 . Memory (MB): peak = 2736.539 ; gain = 100.441 ; free physical = 3655 ; free virtual = 25602

Phase 11 Post Process Routing
Phase 11 Post Process Routing | Checksum: 1fe2ef5c6

Time (s): cpu = 00:00:11 ; elapsed = 00:00:09 . Memory (MB): peak = 2736.539 ; gain = 100.441 ; free physical = 3655 ; free virtual = 25602
Total Elapsed time in route_design: 8.94 secs

Phase 12 Post-Route Event Processing
Phase 12 Post-Route Event Processing | Checksum: 18c6d8cff

Time (s): cpu = 00:00:11 ; elapsed = 00:00:09 . Memory (MB): peak = 2736.539 ; gain = 100.441 ; free physical = 3655 ; free virtual = 25602
INFO: [Route 35-16] Router Completed Successfully
Ending Routing Task | Checksum: 18c6d8cff

Time (s): cpu = 00:00:11 ; elapsed = 00:00:09 . Memory (MB): peak = 2736.539 ; gain = 100.441 ; free physical = 3655 ; free virtual = 25602

Routing Is Done.
INFO: [Common 17-83] Releasing license: Implementation
56 Infos, 1 Warnings, 0 Critical Warnings and 0 Errors encountered.
route_design completed successfully
route_design: Time (s): cpu = 00:00:11 ; elapsed = 00:00:09 . Memory (MB): peak = 2737.297 ; gain = 101.199 ; free physical = 3655 ; free virtual = 25602
INFO: [Vivado 12-24828] Executing command : report_drc -file alu32_drc_routed.rpt -pb alu32_drc_routed.pb -rpx alu32_drc_routed.rpx
Command: report_drc -file alu32_drc_routed.rpt -pb alu32_drc_routed.pb -rpx alu32_drc_routed.rpx
INFO: [IP_Flow 19-1839] IP Catalog is up to date.
INFO: [DRC 23-27] Running DRC with 8 threads
INFO: [Vivado_Tcl 2-168] The results of DRC are in file /home/Sol/CMPE-260-Digital-System-Design-II/alu32/alu32.runs/impl_1/alu32_drc_routed.rpt.
report_drc completed successfully
INFO: [Vivado 12-24828] Executing command : report_methodology -file alu32_methodology_drc_routed.rpt -pb alu32_methodology_drc_routed.pb -rpx alu32_methodology_drc_routed.rpx
Command: report_methodology -file alu32_methodology_drc_routed.rpt -pb alu32_methodology_drc_routed.pb -rpx alu32_methodology_drc_routed.rpx
INFO: [Timing 38-35] Done setting XDC timing constraints.
INFO: [DRC 23-133] Running Methodology with 8 threads
INFO: [Vivado_Tcl 2-1520] The results of Report Methodology are in file /home/Sol/CMPE-260-Digital-System-Design-II/alu32/alu32.runs/impl_1/alu32_methodology_drc_routed.rpt.
report_methodology completed successfully
INFO: [Vivado 12-24828] Executing command : report_timing_summary -max_paths 10 -report_unconstrained -file alu32_timing_summary_routed.rpt -pb alu32_timing_summary_routed.pb -rpx alu32_timing_summary_routed.rpx -warn_on_violation 
INFO: [Timing 38-35] Done setting XDC timing constraints.
INFO: [Timing 38-91] UpdateTimingParams: Speed grade: -1, Delay Type: min_max.
INFO: [Timing 38-191] Multithreading enabled for timing update using a maximum of 8 CPUs
WARNING: [Timing 38-313] There are no user specified timing constraints. Timing constraints are needed for proper timing analysis.
INFO: [Vivado 12-24838] Running report commands "report_bus_skew, report_incremental_reuse, report_route_status" in parallel.
Running report generation with 3 threads.
INFO: [Vivado 12-24828] Executing command : report_route_status -file alu32_route_status.rpt -pb alu32_route_status.pb
INFO: [Vivado 12-24828] Executing command : report_incremental_reuse -file alu32_incremental_reuse_routed.rpt
INFO: [Vivado_Tcl 4-1062] Incremental flow is disabled. No incremental reuse Info to report.
INFO: [Vivado 12-24828] Executing command : report_bus_skew -warn_on_violation -file alu32_bus_skew_routed.rpt -pb alu32_bus_skew_routed.pb -rpx alu32_bus_skew_routed.rpx
INFO: [Timing 38-91] UpdateTimingParams: Speed grade: -1, Delay Type: min_max.
INFO: [Timing 38-191] Multithreading enabled for timing update using a maximum of 8 CPUs
INFO: [Vivado 12-24828] Executing command : report_power -file alu32_power_routed.rpt -pb alu32_power_summary_routed.pb -rpx alu32_power_routed.rpx
Command: report_power -file alu32_power_routed.rpt -pb alu32_power_summary_routed.pb -rpx alu32_power_routed.rpx
WARNING: [Power 33-232] No user defined clocks were found in the design! Power estimation will be inaccurate until this is corrected.
Resolution: Please specify clocks using create_clock/create_generated_clock for sequential elements. For pure combinatorial circuits, please specify a virtual clock, otherwise the vectorless estimation might be inaccurate
Running Vector-less Activity Propagation...

Finished Running Vector-less Activity Propagation
76 Infos, 3 Warnings, 0 Critical Warnings and 0 Errors encountered.
report_power completed successfully
INFO: [Vivado 12-24828] Executing command : report_clock_utilization -file alu32_clock_utilization_routed.rpt
Write ShapeDB Complete: Time (s): cpu = 00:00:00 ; elapsed = 00:00:00 . Memory (MB): peak = 2912.840 ; gain = 0.000 ; free physical = 3565 ; free virtual = 25510
Wrote PlaceDB: Time (s): cpu = 00:00:00.02 ; elapsed = 00:00:00.01 . Memory (MB): peak = 2912.840 ; gain = 0.000 ; free physical = 3561 ; free virtual = 25506
Wrote PulsedLatchDB: Time (s): cpu = 00:00:00 ; elapsed = 00:00:00 . Memory (MB): peak = 2912.840 ; gain = 0.000 ; free physical = 3561 ; free virtual = 25506
Writing XDEF routing.
Writing XDEF routing logical nets.
Writing XDEF routing special nets.
Wrote RouteStorage: Time (s): cpu = 00:00:00.01 ; elapsed = 00:00:00.02 . Memory (MB): peak = 2912.840 ; gain = 0.000 ; free physical = 3561 ; free virtual = 25506
Wrote Netlist Cache: Time (s): cpu = 00:00:00 ; elapsed = 00:00:00 . Memory (MB): peak = 2912.840 ; gain = 0.000 ; free physical = 3561 ; free virtual = 25506
Wrote Device Cache: Time (s): cpu = 00:00:00.01 ; elapsed = 00:00:00 . Memory (MB): peak = 2912.840 ; gain = 0.000 ; free physical = 3561 ; free virtual = 25506
Write Physdb Complete: Time (s): cpu = 00:00:00.04 ; elapsed = 00:00:00.03 . Memory (MB): peak = 2912.840 ; gain = 0.000 ; free physical = 3561 ; free virtual = 25506
INFO: [Common 17-1381] The checkpoint '/home/Sol/CMPE-260-Digital-System-Design-II/alu32/alu32.runs/impl_1/alu32_routed.dcp' has been generated.
INFO: [Common 17-206] Exiting Vivado at Tue Jan 28 19:05:17 2025...
