
*** Running vivado
    with args -log sllN.vds -m64 -product Vivado -mode batch -messageDb vivado.pb -notrace -source sllN.tcl


****** Vivado v2024.2.1 (64-bit)
  **** SW Build 5266912 on Sun Dec 15 09:03:31 MST 2024
  **** IP Build 5264866 on Sun Dec 15 16:27:47 MST 2024
  **** SharedData Build 5264680 on Wed Dec 11 12:48:36 MST 2024
  **** Start of session at: Wed Jan 15 15:19:39 2025
    ** Copyright 1986-2022 Xilinx, Inc. All Rights Reserved.
    ** Copyright 2022-2024 Advanced Micro Devices, Inc. All Rights Reserved.

source sllN.tcl -notrace
Command: synth_design -top sllN -part xc7a35tcpg236-1
Starting synth_design
Attempting to get a license for feature 'Synthesis' and/or device 'xc7a35t'
INFO: [Common 17-349] Got license for feature 'Synthesis' and/or device 'xc7a35t'
INFO: [Synth 8-7079] Multithreading enabled for synth_design using a maximum of 7 processes.
INFO: [Synth 8-7078] Launching helper process for spawning children vivado processes
INFO: [Synth 8-7075] Helper process launched with PID 227402
---------------------------------------------------------------------------------
Starting Synthesize : Time (s): cpu = 00:00:03 ; elapsed = 00:00:03 . Memory (MB): peak = 1723.867 ; gain = 350.859 ; free physical = 3245 ; free virtual = 22193
---------------------------------------------------------------------------------
INFO: [Synth 8-638] synthesizing module 'sllN' [/home/Sol/CMPE-260-Digital-System-Design-II/sllN/sllN.srcs/sources_1/new/sllN.vhd:27]
INFO: [Synth 8-256] done synthesizing module 'sllN' (0#1) [/home/Sol/CMPE-260-Digital-System-Design-II/sllN/sllN.srcs/sources_1/new/sllN.vhd:27]
---------------------------------------------------------------------------------
Finished Synthesize : Time (s): cpu = 00:00:04 ; elapsed = 00:00:04 . Memory (MB): peak = 1794.805 ; gain = 421.797 ; free physical = 3277 ; free virtual = 22228
---------------------------------------------------------------------------------
---------------------------------------------------------------------------------
Finished Constraint Validation : Time (s): cpu = 00:00:04 ; elapsed = 00:00:04 . Memory (MB): peak = 1812.617 ; gain = 439.609 ; free physical = 3263 ; free virtual = 22214
---------------------------------------------------------------------------------
---------------------------------------------------------------------------------
Start Loading Part and Timing Information
---------------------------------------------------------------------------------
Loading part: xc7a35tcpg236-1
INFO: [Device 21-403] Loading part xc7a35tcpg236-1
---------------------------------------------------------------------------------
Finished Loading Part and Timing Information : Time (s): cpu = 00:00:04 ; elapsed = 00:00:04 . Memory (MB): peak = 1820.621 ; gain = 447.613 ; free physical = 3258 ; free virtual = 22209
---------------------------------------------------------------------------------
---------------------------------------------------------------------------------
Finished RTL Optimization Phase 2 : Time (s): cpu = 00:00:04 ; elapsed = 00:00:04 . Memory (MB): peak = 1829.527 ; gain = 456.520 ; free physical = 3250 ; free virtual = 22202
---------------------------------------------------------------------------------
No constraint files found.
---------------------------------------------------------------------------------
Start RTL Component Statistics 
---------------------------------------------------------------------------------
Detailed RTL Component Info : 
+---Muxes : 
	   4 Input    4 Bit        Muxes := 1     
---------------------------------------------------------------------------------
Finished RTL Component Statistics 
---------------------------------------------------------------------------------
---------------------------------------------------------------------------------
Start Part Resource Summary
---------------------------------------------------------------------------------
Part Resources:
DSPs: 90 (col length:60)
BRAMs: 100 (col length: RAMB18 60 RAMB36 30)
---------------------------------------------------------------------------------
Finished Part Resource Summary
---------------------------------------------------------------------------------
No constraint files found.
---------------------------------------------------------------------------------
Start Cross Boundary and Area Optimization
---------------------------------------------------------------------------------
WARNING: [Synth 8-7080] Parallel synthesis criteria is not met
---------------------------------------------------------------------------------
Finished Cross Boundary and Area Optimization : Time (s): cpu = 00:00:06 ; elapsed = 00:00:07 . Memory (MB): peak = 1917.402 ; gain = 544.395 ; free physical = 3106 ; free virtual = 22065
---------------------------------------------------------------------------------
No constraint files found.
---------------------------------------------------------------------------------
Start Timing Optimization
---------------------------------------------------------------------------------
---------------------------------------------------------------------------------
Finished Timing Optimization : Time (s): cpu = 00:00:06 ; elapsed = 00:00:07 . Memory (MB): peak = 1932.277 ; gain = 559.270 ; free physical = 3152 ; free virtual = 22109
---------------------------------------------------------------------------------
---------------------------------------------------------------------------------
Start Technology Mapping
---------------------------------------------------------------------------------
---------------------------------------------------------------------------------
Finished Technology Mapping : Time (s): cpu = 00:00:06 ; elapsed = 00:00:07 . Memory (MB): peak = 1932.277 ; gain = 559.270 ; free physical = 3152 ; free virtual = 22109
---------------------------------------------------------------------------------
---------------------------------------------------------------------------------
Start IO Insertion
---------------------------------------------------------------------------------
---------------------------------------------------------------------------------
Start Flattening Before IO Insertion
---------------------------------------------------------------------------------
---------------------------------------------------------------------------------
Finished Flattening Before IO Insertion
---------------------------------------------------------------------------------
---------------------------------------------------------------------------------
Start Final Netlist Cleanup
---------------------------------------------------------------------------------
---------------------------------------------------------------------------------
Finished Final Netlist Cleanup
---------------------------------------------------------------------------------
---------------------------------------------------------------------------------
Finished IO Insertion : Time (s): cpu = 00:00:09 ; elapsed = 00:00:09 . Memory (MB): peak = 2084.090 ; gain = 711.082 ; free physical = 2990 ; free virtual = 21945
---------------------------------------------------------------------------------
---------------------------------------------------------------------------------
Start Renaming Generated Instances
---------------------------------------------------------------------------------
---------------------------------------------------------------------------------
Finished Renaming Generated Instances : Time (s): cpu = 00:00:09 ; elapsed = 00:00:09 . Memory (MB): peak = 2084.090 ; gain = 711.082 ; free physical = 2990 ; free virtual = 21945
---------------------------------------------------------------------------------
---------------------------------------------------------------------------------
Start Rebuilding User Hierarchy
---------------------------------------------------------------------------------
---------------------------------------------------------------------------------
Finished Rebuilding User Hierarchy : Time (s): cpu = 00:00:09 ; elapsed = 00:00:09 . Memory (MB): peak = 2084.090 ; gain = 711.082 ; free physical = 2990 ; free virtual = 21945
---------------------------------------------------------------------------------
---------------------------------------------------------------------------------
Start Renaming Generated Ports
---------------------------------------------------------------------------------
---------------------------------------------------------------------------------
Finished Renaming Generated Ports : Time (s): cpu = 00:00:09 ; elapsed = 00:00:09 . Memory (MB): peak = 2084.090 ; gain = 711.082 ; free physical = 2990 ; free virtual = 21945
---------------------------------------------------------------------------------
---------------------------------------------------------------------------------
Start Handling Custom Attributes
---------------------------------------------------------------------------------
---------------------------------------------------------------------------------
Finished Handling Custom Attributes : Time (s): cpu = 00:00:09 ; elapsed = 00:00:09 . Memory (MB): peak = 2084.090 ; gain = 711.082 ; free physical = 2990 ; free virtual = 21945
---------------------------------------------------------------------------------
---------------------------------------------------------------------------------
Start Renaming Generated Nets
---------------------------------------------------------------------------------
---------------------------------------------------------------------------------
Finished Renaming Generated Nets : Time (s): cpu = 00:00:09 ; elapsed = 00:00:09 . Memory (MB): peak = 2084.090 ; gain = 711.082 ; free physical = 2990 ; free virtual = 21945
---------------------------------------------------------------------------------
---------------------------------------------------------------------------------
Start Writing Synthesis Report
---------------------------------------------------------------------------------

Report BlackBoxes: 
+-+--------------+----------+
| |BlackBox name |Instances |
+-+--------------+----------+
+-+--------------+----------+

Report Cell Usage: 
+------+-----+------+
|      |Cell |Count |
+------+-----+------+
|1     |LUT3 |     1|
|2     |LUT4 |     1|
|3     |LUT5 |     1|
|4     |LUT6 |     1|
|5     |IBUF |     6|
|6     |OBUF |     4|
+------+-----+------+

Report Instance Areas: 
+------+---------+-------+------+
|      |Instance |Module |Cells |
+------+---------+-------+------+
|1     |top      |       |    14|
+------+---------+-------+------+
---------------------------------------------------------------------------------
Finished Writing Synthesis Report : Time (s): cpu = 00:00:09 ; elapsed = 00:00:09 . Memory (MB): peak = 2084.090 ; gain = 711.082 ; free physical = 2990 ; free virtual = 21945
---------------------------------------------------------------------------------
Synthesis finished with 0 errors, 0 critical warnings and 1 warnings.
Synthesis Optimization Runtime : Time (s): cpu = 00:00:09 ; elapsed = 00:00:09 . Memory (MB): peak = 2084.090 ; gain = 711.082 ; free physical = 2982 ; free virtual = 21936
Synthesis Optimization Complete : Time (s): cpu = 00:00:09 ; elapsed = 00:00:09 . Memory (MB): peak = 2084.098 ; gain = 711.082 ; free physical = 2982 ; free virtual = 21936
INFO: [Project 1-571] Translating synthesized netlist
Netlist sorting complete. Time (s): cpu = 00:00:00 ; elapsed = 00:00:00 . Memory (MB): peak = 2098.965 ; gain = 0.000 ; free physical = 3134 ; free virtual = 22088
INFO: [Project 1-570] Preparing netlist for logic optimization
INFO: [Opt 31-138] Pushed 0 inverter(s) to 0 load pin(s).
Netlist sorting complete. Time (s): cpu = 00:00:00 ; elapsed = 00:00:00 . Memory (MB): peak = 2245.586 ; gain = 0.000 ; free physical = 3036 ; free virtual = 21988
INFO: [Project 1-111] Unisim Transformation Summary:
No Unisim elements were transformed.

Synth Design complete | Checksum: 7ee88a28
INFO: [Common 17-83] Releasing license: Synthesis
12 Infos, 1 Warnings, 0 Critical Warnings and 0 Errors encountered.
synth_design completed successfully
synth_design: Time (s): cpu = 00:00:12 ; elapsed = 00:00:11 . Memory (MB): peak = 2245.586 ; gain = 872.582 ; free physical = 3036 ; free virtual = 21988
INFO: [Common 17-2834] synth_design peak Physical Memory [PSS] (MB): overall = 1429.194; main = 1429.194; forked = 0.000
INFO: [Common 17-2834] synth_design peak Virtual Memory [VSS] (MB): overall = 2245.590; main = 2245.590; forked = 0.000
Write ShapeDB Complete: Time (s): cpu = 00:00:00.01 ; elapsed = 00:00:00 . Memory (MB): peak = 2269.598 ; gain = 0.000 ; free physical = 3036 ; free virtual = 21988
INFO: [Common 17-1381] The checkpoint '/home/Sol/CMPE-260-Digital-System-Design-II/sllN/sllN.runs/synth_1/sllN.dcp' has been generated.
INFO: [Vivado 12-24828] Executing command : report_utilization -file sllN_utilization_synth.rpt -pb sllN_utilization_synth.pb
INFO: [Common 17-206] Exiting Vivado at Wed Jan 15 15:19:53 2025...
