
*** Running vivado
    with args -log sllN.vdi -applog -m64 -product Vivado -messageDb vivado.pb -mode batch -source sllN.tcl -notrace


****** Vivado v2024.2.1 (64-bit)
  **** SW Build 5266912 on Sun Dec 15 09:03:31 MST 2024
  **** IP Build 5264866 on Sun Dec 15 16:27:47 MST 2024
  **** SharedData Build 5264680 on Wed Dec 11 12:48:36 MST 2024
  **** Start of session at: Wed Jan 15 15:20:16 2025
    ** Copyright 1986-2022 Xilinx, Inc. All Rights Reserved.
    ** Copyright 2022-2024 Advanced Micro Devices, Inc. All Rights Reserved.

source sllN.tcl -notrace
Command: link_design -top sllN -part xc7a35tcpg236-1
Design is defaulting to srcset: sources_1
Design is defaulting to constrset: constrs_1
INFO: [Device 21-403] Loading part xc7a35tcpg236-1
Netlist sorting complete. Time (s): cpu = 00:00:00 ; elapsed = 00:00:00 . Memory (MB): peak = 1450.340 ; gain = 0.000 ; free physical = 3770 ; free virtual = 22715
INFO: [Project 1-479] Netlist was created with Vivado 2024.2.1
INFO: [Project 1-570] Preparing netlist for logic optimization
Read ShapeDB Complete: Time (s): cpu = 00:00:00 ; elapsed = 00:00:00 . Memory (MB): peak = 1518.121 ; gain = 0.000 ; free physical = 3704 ; free virtual = 22649
Netlist sorting complete. Time (s): cpu = 00:00:00 ; elapsed = 00:00:00 . Memory (MB): peak = 1519.121 ; gain = 0.000 ; free physical = 3704 ; free virtual = 22649
INFO: [Project 1-111] Unisim Transformation Summary:
No Unisim elements were transformed.

4 Infos, 0 Warnings, 0 Critical Warnings and 0 Errors encountered.
link_design completed successfully
Command: opt_design
Attempting to get a license for feature 'Implementation' and/or device 'xc7a35t'
INFO: [Common 17-349] Got license for feature 'Implementation' and/or device 'xc7a35t'
Running DRC as a precondition to command opt_design

Starting DRC Task
INFO: [DRC 23-27] Running DRC with 8 threads
INFO: [Project 1-461] DRC finished with 0 Errors
INFO: [Project 1-462] Please refer to the DRC report (report_drc) for more information.

Time (s): cpu = 00:00:00.3 ; elapsed = 00:00:00.26 . Memory (MB): peak = 1631.777 ; gain = 84.844 ; free physical = 3717 ; free virtual = 22662

Starting Cache Timing Information Task
INFO: [Timing 38-35] Done setting XDC timing constraints.
Ending Cache Timing Information Task | Checksum: 1c5cc5039

Time (s): cpu = 00:00:04 ; elapsed = 00:00:04 . Memory (MB): peak = 2083.574 ; gain = 451.797 ; free physical = 3269 ; free virtual = 22214

Starting Logic Optimization Task

Phase 1 Initialization

Phase 1.1 Core Generation And Design Setup
Phase 1.1 Core Generation And Design Setup | Checksum: 1c5cc5039

Time (s): cpu = 00:00:00 ; elapsed = 00:00:00 . Memory (MB): peak = 2430.465 ; gain = 0.000 ; free physical = 2934 ; free virtual = 21882

Phase 1.2 Setup Constraints And Sort Netlist
Phase 1.2 Setup Constraints And Sort Netlist | Checksum: 1c5cc5039

Time (s): cpu = 00:00:00 ; elapsed = 00:00:00.01 . Memory (MB): peak = 2430.465 ; gain = 0.000 ; free physical = 2934 ; free virtual = 21882
Phase 1 Initialization | Checksum: 1c5cc5039

Time (s): cpu = 00:00:00 ; elapsed = 00:00:00.01 . Memory (MB): peak = 2430.465 ; gain = 0.000 ; free physical = 2934 ; free virtual = 21882

Phase 2 Timer Update And Timing Data Collection

Phase 2.1 Timer Update
Phase 2.1 Timer Update | Checksum: 1c5cc5039

Time (s): cpu = 00:00:00 ; elapsed = 00:00:00.01 . Memory (MB): peak = 2430.465 ; gain = 0.000 ; free physical = 2934 ; free virtual = 21881

Phase 2.2 Timing Data Collection
Phase 2.2 Timing Data Collection | Checksum: 1c5cc5039

Time (s): cpu = 00:00:00 ; elapsed = 00:00:00.01 . Memory (MB): peak = 2430.465 ; gain = 0.000 ; free physical = 2934 ; free virtual = 21881
Phase 2 Timer Update And Timing Data Collection | Checksum: 1c5cc5039

Time (s): cpu = 00:00:00 ; elapsed = 00:00:00.01 . Memory (MB): peak = 2430.465 ; gain = 0.000 ; free physical = 2934 ; free virtual = 21881

Phase 3 Retarget
INFO: [Opt 31-1851] Number of loadless carry chains removed were: 0
INFO: [Opt 31-1834] Total Chains To Be Transformed Were: 0 AND Number of Transformed insts Created are: 0
INFO: [Opt 31-138] Pushed 0 inverter(s) to 0 load pin(s).
INFO: [Opt 31-49] Retargeted 0 cell(s).
Phase 3 Retarget | Checksum: 1c5cc5039

Time (s): cpu = 00:00:00.03 ; elapsed = 00:00:00.03 . Memory (MB): peak = 2430.465 ; gain = 0.000 ; free physical = 2932 ; free virtual = 21877
Retarget | Checksum: 1c5cc5039
INFO: [Opt 31-389] Phase Retarget created 0 cells and removed 0 cells

Phase 4 Constant propagation
INFO: [Opt 31-138] Pushed 0 inverter(s) to 0 load pin(s).
Phase 4 Constant propagation | Checksum: 1c5cc5039

Time (s): cpu = 00:00:00.03 ; elapsed = 00:00:00.03 . Memory (MB): peak = 2430.465 ; gain = 0.000 ; free physical = 2932 ; free virtual = 21877
Constant propagation | Checksum: 1c5cc5039
INFO: [Opt 31-389] Phase Constant propagation created 0 cells and removed 0 cells

Phase 5 Sweep
INFO: [Constraints 18-11670] Building netlist checker database with flags, 0x8
Done building netlist checker database: Time (s): cpu = 00:00:00 ; elapsed = 00:00:00 . Memory (MB): peak = 2430.465 ; gain = 0.000 ; free physical = 2932 ; free virtual = 21877
Phase 5 Sweep | Checksum: 1c5cc5039

Time (s): cpu = 00:00:00.03 ; elapsed = 00:00:00.03 . Memory (MB): peak = 2430.465 ; gain = 0.000 ; free physical = 2932 ; free virtual = 21877
Sweep | Checksum: 1c5cc5039
INFO: [Opt 31-389] Phase Sweep created 0 cells and removed 0 cells

Phase 6 BUFG optimization
Phase 6 BUFG optimization | Checksum: 1c5cc5039

Time (s): cpu = 00:00:00.03 ; elapsed = 00:00:00.04 . Memory (MB): peak = 2462.480 ; gain = 32.016 ; free physical = 2932 ; free virtual = 21877
BUFG optimization | Checksum: 1c5cc5039
INFO: [Opt 31-662] Phase BUFG optimization created 0 cells of which 0 are BUFGs and removed 0 cells.

Phase 7 Shift Register Optimization
INFO: [Opt 31-1064] SRL Remap converted 0 SRLs to 0 registers and converted 0 registers of register chains to 0 SRLs
Phase 7 Shift Register Optimization | Checksum: 1c5cc5039

Time (s): cpu = 00:00:00.03 ; elapsed = 00:00:00.04 . Memory (MB): peak = 2462.480 ; gain = 32.016 ; free physical = 2932 ; free virtual = 21877
Shift Register Optimization | Checksum: 1c5cc5039
INFO: [Opt 31-389] Phase Shift Register Optimization created 0 cells and removed 0 cells

Phase 8 Post Processing Netlist
Phase 8 Post Processing Netlist | Checksum: 1c5cc5039

Time (s): cpu = 00:00:00.03 ; elapsed = 00:00:00.04 . Memory (MB): peak = 2462.480 ; gain = 32.016 ; free physical = 2932 ; free virtual = 21877
Post Processing Netlist | Checksum: 1c5cc5039
INFO: [Opt 31-389] Phase Post Processing Netlist created 0 cells and removed 0 cells

Phase 9 Finalization

Phase 9.1 Finalizing Design Cores and Updating Shapes
Phase 9.1 Finalizing Design Cores and Updating Shapes | Checksum: 1c5cc5039

Time (s): cpu = 00:00:00.04 ; elapsed = 00:00:00.04 . Memory (MB): peak = 2462.480 ; gain = 32.016 ; free physical = 2932 ; free virtual = 21877

Phase 9.2 Verifying Netlist Connectivity

Starting Connectivity Check Task

Time (s): cpu = 00:00:00 ; elapsed = 00:00:00 . Memory (MB): peak = 2462.480 ; gain = 0.000 ; free physical = 2932 ; free virtual = 21877
Phase 9.2 Verifying Netlist Connectivity | Checksum: 1c5cc5039

Time (s): cpu = 00:00:00.04 ; elapsed = 00:00:00.04 . Memory (MB): peak = 2462.480 ; gain = 32.016 ; free physical = 2932 ; free virtual = 21877
Phase 9 Finalization | Checksum: 1c5cc5039

Time (s): cpu = 00:00:00.04 ; elapsed = 00:00:00.04 . Memory (MB): peak = 2462.480 ; gain = 32.016 ; free physical = 2932 ; free virtual = 21877
Opt_design Change Summary
=========================


-------------------------------------------------------------------------------------------------------------------------
|  Phase                        |  #Cells created  |  #Cells Removed  |  #Constrained objects preventing optimizations  |
-------------------------------------------------------------------------------------------------------------------------
|  Retarget                     |               0  |               0  |                                              0  |
|  Constant propagation         |               0  |               0  |                                              0  |
|  Sweep                        |               0  |               0  |                                              0  |
|  BUFG optimization            |               0  |               0  |                                              0  |
|  Shift Register Optimization  |               0  |               0  |                                              0  |
|  Post Processing Netlist      |               0  |               0  |                                              0  |
-------------------------------------------------------------------------------------------------------------------------


Ending Logic Optimization Task | Checksum: 1c5cc5039

Time (s): cpu = 00:00:00.04 ; elapsed = 00:00:00.04 . Memory (MB): peak = 2462.480 ; gain = 32.016 ; free physical = 2932 ; free virtual = 21877

Starting Power Optimization Task
INFO: [Pwropt 34-132] Skipping clock gating for clocks with a period < 2.00 ns.
Ending Power Optimization Task | Checksum: 1c5cc5039

Time (s): cpu = 00:00:00 ; elapsed = 00:00:00 . Memory (MB): peak = 2462.480 ; gain = 0.000 ; free physical = 2932 ; free virtual = 21877

Starting Final Cleanup Task
Ending Final Cleanup Task | Checksum: 1c5cc5039

Time (s): cpu = 00:00:00 ; elapsed = 00:00:00 . Memory (MB): peak = 2462.480 ; gain = 0.000 ; free physical = 2932 ; free virtual = 21877

Starting Netlist Obfuscation Task
Netlist sorting complete. Time (s): cpu = 00:00:00 ; elapsed = 00:00:00 . Memory (MB): peak = 2462.480 ; gain = 0.000 ; free physical = 2932 ; free virtual = 21877
Ending Netlist Obfuscation Task | Checksum: 1c5cc5039

Time (s): cpu = 00:00:00 ; elapsed = 00:00:00 . Memory (MB): peak = 2462.480 ; gain = 0.000 ; free physical = 2932 ; free virtual = 21877
INFO: [Common 17-83] Releasing license: Implementation
24 Infos, 0 Warnings, 0 Critical Warnings and 0 Errors encountered.
opt_design completed successfully
opt_design: Time (s): cpu = 00:00:06 ; elapsed = 00:00:06 . Memory (MB): peak = 2462.480 ; gain = 915.547 ; free physical = 2932 ; free virtual = 21877
INFO: [Vivado 12-24828] Executing command : report_drc -file sllN_drc_opted.rpt -pb sllN_drc_opted.pb -rpx sllN_drc_opted.rpx
Command: report_drc -file sllN_drc_opted.rpt -pb sllN_drc_opted.pb -rpx sllN_drc_opted.rpx
INFO: [IP_Flow 19-234] Refreshing IP repositories
INFO: [IP_Flow 19-1704] No user IP repositories specified
INFO: [IP_Flow 19-2313] Loaded Vivado IP repository '/home/Sol/vivado/Vivado/2024.2/data/ip'.
INFO: [DRC 23-27] Running DRC with 8 threads
INFO: [Vivado_Tcl 2-168] The results of DRC are in file /home/Sol/CMPE-260-Digital-System-Design-II/sllN/sllN.runs/impl_1/sllN_drc_opted.rpt.
report_drc completed successfully
Write ShapeDB Complete: Time (s): cpu = 00:00:00 ; elapsed = 00:00:00 . Memory (MB): peak = 2462.480 ; gain = 0.000 ; free physical = 2908 ; free virtual = 21853
INFO: [Common 17-1381] The checkpoint '/home/Sol/CMPE-260-Digital-System-Design-II/sllN/sllN.runs/impl_1/sllN_opt.dcp' has been generated.
Command: place_design
Attempting to get a license for feature 'Implementation' and/or device 'xc7a35t'
INFO: [Common 17-349] Got license for feature 'Implementation' and/or device 'xc7a35t'
INFO: [Common 17-83] Releasing license: Implementation
INFO: [DRC 23-27] Running DRC with 8 threads
INFO: [Vivado_Tcl 4-198] DRC finished with 0 Errors
INFO: [Vivado_Tcl 4-199] Please refer to the DRC report (report_drc) for more information.
Running DRC as a precondition to command place_design
INFO: [DRC 23-27] Running DRC with 8 threads
INFO: [Vivado_Tcl 4-198] DRC finished with 0 Errors
INFO: [Vivado_Tcl 4-199] Please refer to the DRC report (report_drc) for more information.
INFO: [Place 30-611] Multithreading enabled for place_design using a maximum of 8 CPUs

Starting Placer Task

Phase 1 Placer Initialization

Phase 1.1 Placer Initialization Netlist Sorting
Netlist sorting complete. Time (s): cpu = 00:00:00 ; elapsed = 00:00:00 . Memory (MB): peak = 2486.492 ; gain = 0.000 ; free physical = 2883 ; free virtual = 21829
Phase 1.1 Placer Initialization Netlist Sorting | Checksum: 146e3c611

Time (s): cpu = 00:00:00 ; elapsed = 00:00:00.01 . Memory (MB): peak = 2486.492 ; gain = 0.000 ; free physical = 2883 ; free virtual = 21829
Netlist sorting complete. Time (s): cpu = 00:00:00 ; elapsed = 00:00:00 . Memory (MB): peak = 2486.492 ; gain = 0.000 ; free physical = 2883 ; free virtual = 21829

Phase 1.2 IO Placement/ Clock Placement/ Build Placer Device
INFO: [Timing 38-35] Done setting XDC timing constraints.
Phase 1.2 IO Placement/ Clock Placement/ Build Placer Device | Checksum: 1f6817738

Time (s): cpu = 00:00:00.14 ; elapsed = 00:00:00.05 . Memory (MB): peak = 2518.508 ; gain = 32.016 ; free physical = 2880 ; free virtual = 21826

Phase 1.3 Build Placer Netlist Model
Phase 1.3 Build Placer Netlist Model | Checksum: 221e7ffb7

Time (s): cpu = 00:00:00.21 ; elapsed = 00:00:00.07 . Memory (MB): peak = 2518.508 ; gain = 32.016 ; free physical = 2880 ; free virtual = 21826

Phase 1.4 Constrain Clocks/Macros
Phase 1.4 Constrain Clocks/Macros | Checksum: 221e7ffb7

Time (s): cpu = 00:00:00.21 ; elapsed = 00:00:00.07 . Memory (MB): peak = 2518.508 ; gain = 32.016 ; free physical = 2880 ; free virtual = 21826
Phase 1 Placer Initialization | Checksum: 221e7ffb7

Time (s): cpu = 00:00:00.21 ; elapsed = 00:00:00.08 . Memory (MB): peak = 2518.508 ; gain = 32.016 ; free physical = 2880 ; free virtual = 21826

Phase 2 Global Placement

Phase 2.1 Floorplanning
Phase 2.1 Floorplanning | Checksum: 221e7ffb7

Time (s): cpu = 00:00:00.22 ; elapsed = 00:00:00.08 . Memory (MB): peak = 2518.508 ; gain = 32.016 ; free physical = 2880 ; free virtual = 21826

Phase 2.2 Update Timing before SLR Path Opt
Phase 2.2 Update Timing before SLR Path Opt | Checksum: 221e7ffb7

Time (s): cpu = 00:00:00.22 ; elapsed = 00:00:00.08 . Memory (MB): peak = 2518.508 ; gain = 32.016 ; free physical = 2880 ; free virtual = 21826

Phase 2.3 Post-Processing in Floorplanning
Phase 2.3 Post-Processing in Floorplanning | Checksum: 221e7ffb7

Time (s): cpu = 00:00:00.22 ; elapsed = 00:00:00.08 . Memory (MB): peak = 2518.508 ; gain = 32.016 ; free physical = 2880 ; free virtual = 21826

Phase 2.4 Global Place Phase1
Phase 2.4 Global Place Phase1 | Checksum: 2eac4d954

Time (s): cpu = 00:00:00.43 ; elapsed = 00:00:00.15 . Memory (MB): peak = 2550.523 ; gain = 64.031 ; free physical = 2854 ; free virtual = 21800

Phase 2.5 Global Place Phase2
WARNING: [Place 46-29] Timing had been disabled during Placer and, therefore, physical synthesis in Placer will be skipped.
Phase 2.5 Global Place Phase2 | Checksum: 2a3c33112

Time (s): cpu = 00:00:00.53 ; elapsed = 00:00:00.18 . Memory (MB): peak = 2550.523 ; gain = 64.031 ; free physical = 2894 ; free virtual = 21840
Phase 2 Global Placement | Checksum: 2a3c33112

Time (s): cpu = 00:00:00.53 ; elapsed = 00:00:00.18 . Memory (MB): peak = 2550.523 ; gain = 64.031 ; free physical = 2895 ; free virtual = 21841

Phase 3 Detail Placement

Phase 3.1 Commit Multi Column Macros
Phase 3.1 Commit Multi Column Macros | Checksum: 2a3c33112

Time (s): cpu = 00:00:00.55 ; elapsed = 00:00:00.18 . Memory (MB): peak = 2550.523 ; gain = 64.031 ; free physical = 2895 ; free virtual = 21841

Phase 3.2 Commit Most Macros & LUTRAMs
Phase 3.2 Commit Most Macros & LUTRAMs | Checksum: 28fec7f97

Time (s): cpu = 00:00:00.58 ; elapsed = 00:00:00.18 . Memory (MB): peak = 2550.523 ; gain = 64.031 ; free physical = 2895 ; free virtual = 21841

Phase 3.3 Area Swap Optimization
Phase 3.3 Area Swap Optimization | Checksum: 24b164dc8

Time (s): cpu = 00:00:00.6 ; elapsed = 00:00:00.19 . Memory (MB): peak = 2550.523 ; gain = 64.031 ; free physical = 2895 ; free virtual = 21841

Phase 3.4 Pipeline Register Optimization
Phase 3.4 Pipeline Register Optimization | Checksum: 24b164dc8

Time (s): cpu = 00:00:00.6 ; elapsed = 00:00:00.19 . Memory (MB): peak = 2550.523 ; gain = 64.031 ; free physical = 2895 ; free virtual = 21841

Phase 3.5 Small Shape Detail Placement
Phase 3.5 Small Shape Detail Placement | Checksum: 28810db72

Time (s): cpu = 00:00:00.89 ; elapsed = 00:00:00.38 . Memory (MB): peak = 2550.523 ; gain = 64.031 ; free physical = 2893 ; free virtual = 21839

Phase 3.6 Re-assign LUT pins
Phase 3.6 Re-assign LUT pins | Checksum: 28810db72

Time (s): cpu = 00:00:00.89 ; elapsed = 00:00:00.38 . Memory (MB): peak = 2550.523 ; gain = 64.031 ; free physical = 2893 ; free virtual = 21839

Phase 3.7 Pipeline Register Optimization
Phase 3.7 Pipeline Register Optimization | Checksum: 28810db72

Time (s): cpu = 00:00:00.89 ; elapsed = 00:00:00.38 . Memory (MB): peak = 2550.523 ; gain = 64.031 ; free physical = 2893 ; free virtual = 21839
Phase 3 Detail Placement | Checksum: 28810db72

Time (s): cpu = 00:00:00.89 ; elapsed = 00:00:00.38 . Memory (MB): peak = 2550.523 ; gain = 64.031 ; free physical = 2893 ; free virtual = 21839

Phase 4 Post Placement Optimization and Clean-Up

Phase 4.1 Post Commit Optimization
Phase 4.1 Post Commit Optimization | Checksum: 28810db72

Time (s): cpu = 00:00:00.95 ; elapsed = 00:00:00.39 . Memory (MB): peak = 2550.523 ; gain = 64.031 ; free physical = 2894 ; free virtual = 21839

Phase 4.2 Post Placement Cleanup
Phase 4.2 Post Placement Cleanup | Checksum: 28810db72

Time (s): cpu = 00:00:00.98 ; elapsed = 00:00:00.4 . Memory (MB): peak = 2550.523 ; gain = 64.031 ; free physical = 2894 ; free virtual = 21839

Phase 4.3 Placer Reporting

Phase 4.3.1 Print Estimated Congestion
INFO: [Place 30-612] Post-Placement Estimated Congestion 
 ____________________________________________________
|           | Global Congestion | Short Congestion  |
| Direction | Region Size       | Region Size       |
|___________|___________________|___________________|
|      North|                1x1|                1x1|
|___________|___________________|___________________|
|      South|                1x1|                1x1|
|___________|___________________|___________________|
|       East|                1x1|                1x1|
|___________|___________________|___________________|
|       West|                1x1|                1x1|
|___________|___________________|___________________|

Phase 4.3.1 Print Estimated Congestion | Checksum: 28810db72

Time (s): cpu = 00:00:00.98 ; elapsed = 00:00:00.4 . Memory (MB): peak = 2550.523 ; gain = 64.031 ; free physical = 2894 ; free virtual = 21839
Phase 4.3 Placer Reporting | Checksum: 28810db72

Time (s): cpu = 00:00:00.98 ; elapsed = 00:00:00.4 . Memory (MB): peak = 2550.523 ; gain = 64.031 ; free physical = 2894 ; free virtual = 21839

Phase 4.4 Final Placement Cleanup
Netlist sorting complete. Time (s): cpu = 00:00:00 ; elapsed = 00:00:00 . Memory (MB): peak = 2550.523 ; gain = 0.000 ; free physical = 2894 ; free virtual = 21839

Time (s): cpu = 00:00:00.98 ; elapsed = 00:00:00.4 . Memory (MB): peak = 2550.523 ; gain = 64.031 ; free physical = 2894 ; free virtual = 21839
Phase 4 Post Placement Optimization and Clean-Up | Checksum: 28810db72

Time (s): cpu = 00:00:00.99 ; elapsed = 00:00:00.4 . Memory (MB): peak = 2550.523 ; gain = 64.031 ; free physical = 2894 ; free virtual = 21839
Ending Placer Task | Checksum: 1dacd28b9

Time (s): cpu = 00:00:00.99 ; elapsed = 00:00:00.4 . Memory (MB): peak = 2550.523 ; gain = 64.031 ; free physical = 2894 ; free virtual = 21839
42 Infos, 1 Warnings, 0 Critical Warnings and 0 Errors encountered.
place_design completed successfully
INFO: [Vivado 12-24838] Running report commands "report_control_sets, report_io, report_utilization" in parallel.
Running report generation with 3 threads.
INFO: [Vivado 12-24828] Executing command : report_control_sets -verbose -file sllN_control_sets_placed.rpt
report_control_sets: Time (s): cpu = 00:00:00.06 ; elapsed = 00:00:00.07 . Memory (MB): peak = 2550.523 ; gain = 0.000 ; free physical = 2886 ; free virtual = 21832
INFO: [Vivado 12-24828] Executing command : report_utilization -file sllN_utilization_placed.rpt -pb sllN_utilization_placed.pb
INFO: [Vivado 12-24828] Executing command : report_io -file sllN_io_placed.rpt
report_io: Time (s): cpu = 00:00:00.09 ; elapsed = 00:00:00.13 . Memory (MB): peak = 2550.523 ; gain = 0.000 ; free physical = 2871 ; free virtual = 21817
Write ShapeDB Complete: Time (s): cpu = 00:00:00 ; elapsed = 00:00:00 . Memory (MB): peak = 2550.523 ; gain = 0.000 ; free physical = 2869 ; free virtual = 21815
Wrote PlaceDB: Time (s): cpu = 00:00:00.01 ; elapsed = 00:00:00 . Memory (MB): peak = 2550.523 ; gain = 0.000 ; free physical = 2869 ; free virtual = 21815
Wrote PulsedLatchDB: Time (s): cpu = 00:00:00 ; elapsed = 00:00:00 . Memory (MB): peak = 2550.523 ; gain = 0.000 ; free physical = 2869 ; free virtual = 21815
Writing XDEF routing.
Writing XDEF routing logical nets.
Writing XDEF routing special nets.
Wrote RouteStorage: Time (s): cpu = 00:00:00.04 ; elapsed = 00:00:00.05 . Memory (MB): peak = 2550.523 ; gain = 0.000 ; free physical = 2860 ; free virtual = 21806
Wrote Netlist Cache: Time (s): cpu = 00:00:00 ; elapsed = 00:00:00 . Memory (MB): peak = 2550.523 ; gain = 0.000 ; free physical = 2860 ; free virtual = 21806
Wrote Device Cache: Time (s): cpu = 00:00:00.01 ; elapsed = 00:00:00 . Memory (MB): peak = 2550.523 ; gain = 0.000 ; free physical = 2859 ; free virtual = 21805
Write Physdb Complete: Time (s): cpu = 00:00:00.06 ; elapsed = 00:00:00.05 . Memory (MB): peak = 2550.523 ; gain = 0.000 ; free physical = 2859 ; free virtual = 21805
INFO: [Common 17-1381] The checkpoint '/home/Sol/CMPE-260-Digital-System-Design-II/sllN/sllN.runs/impl_1/sllN_placed.dcp' has been generated.
Command: phys_opt_design
Attempting to get a license for feature 'Implementation' and/or device 'xc7a35t'
INFO: [Common 17-349] Got license for feature 'Implementation' and/or device 'xc7a35t'

Starting Initial Update Timing Task

Time (s): cpu = 00:00:00.01 ; elapsed = 00:00:00.01 . Memory (MB): peak = 2550.523 ; gain = 0.000 ; free physical = 2895 ; free virtual = 21841
INFO: [Vivado_Tcl 4-235] No timing constraint found. The netlist was not modified.
INFO: [Common 17-83] Releasing license: Implementation
50 Infos, 1 Warnings, 0 Critical Warnings and 0 Errors encountered.
phys_opt_design completed successfully
Write ShapeDB Complete: Time (s): cpu = 00:00:00 ; elapsed = 00:00:00 . Memory (MB): peak = 2550.523 ; gain = 0.000 ; free physical = 2893 ; free virtual = 21840
Wrote PlaceDB: Time (s): cpu = 00:00:00 ; elapsed = 00:00:00 . Memory (MB): peak = 2550.523 ; gain = 0.000 ; free physical = 2893 ; free virtual = 21840
Wrote PulsedLatchDB: Time (s): cpu = 00:00:00 ; elapsed = 00:00:00 . Memory (MB): peak = 2550.523 ; gain = 0.000 ; free physical = 2893 ; free virtual = 21839
Writing XDEF routing.
Writing XDEF routing logical nets.
Writing XDEF routing special nets.
Wrote RouteStorage: Time (s): cpu = 00:00:00.01 ; elapsed = 00:00:00.01 . Memory (MB): peak = 2550.523 ; gain = 0.000 ; free physical = 2891 ; free virtual = 21837
Wrote Netlist Cache: Time (s): cpu = 00:00:00 ; elapsed = 00:00:00 . Memory (MB): peak = 2550.523 ; gain = 0.000 ; free physical = 2891 ; free virtual = 21837
Wrote Device Cache: Time (s): cpu = 00:00:00.01 ; elapsed = 00:00:00.01 . Memory (MB): peak = 2550.523 ; gain = 0.000 ; free physical = 2890 ; free virtual = 21837
Write Physdb Complete: Time (s): cpu = 00:00:00.02 ; elapsed = 00:00:00.02 . Memory (MB): peak = 2550.523 ; gain = 0.000 ; free physical = 2890 ; free virtual = 21837
INFO: [Common 17-1381] The checkpoint '/home/Sol/CMPE-260-Digital-System-Design-II/sllN/sllN.runs/impl_1/sllN_physopt.dcp' has been generated.
Command: route_design
Attempting to get a license for feature 'Implementation' and/or device 'xc7a35t'
INFO: [Common 17-349] Got license for feature 'Implementation' and/or device 'xc7a35t'


Starting Routing Task
INFO: [Route 35-254] Multithreading enabled for route_design using a maximum of 8 CPUs

Phase 1 Build RT Design
Checksum: PlaceDB: 93e962a8 ConstDB: 0 ShapeSum: a66269ba RouteDB: a0815c57
Post Restoration Checksum: NetGraph: cb4bea61 | NumContArr: f5f54172 | Constraints: c2a8fa9d | Timing: c2a8fa9d
Phase 1 Build RT Design | Checksum: 34693210d

Time (s): cpu = 00:00:11 ; elapsed = 00:00:09 . Memory (MB): peak = 2630.191 ; gain = 79.668 ; free physical = 2756 ; free virtual = 21700

Phase 2 Router Initialization
INFO: [Route 35-64] No timing constraints were detected. The router will operate in resource-optimization mode.

Phase 2.1 Fix Topology Constraints
Phase 2.1 Fix Topology Constraints | Checksum: 34693210d

Time (s): cpu = 00:00:11 ; elapsed = 00:00:09 . Memory (MB): peak = 2660.191 ; gain = 109.668 ; free physical = 2723 ; free virtual = 21667

Phase 2.2 Pre Route Cleanup
Phase 2.2 Pre Route Cleanup | Checksum: 34693210d

Time (s): cpu = 00:00:11 ; elapsed = 00:00:09 . Memory (MB): peak = 2660.191 ; gain = 109.668 ; free physical = 2723 ; free virtual = 21666
 Number of Nodes with overlaps = 0

Router Utilization Summary
  Global Vertical Routing Utilization    = 0 %
  Global Horizontal Routing Utilization  = 0 %
  Routable Net Status*
  *Does not include unroutable nets such as driverless and loadless.
  Run report_route_status for detailed report.
  Number of Failed Nets               = 10
    (Failed Nets is the sum of unrouted and partially routed nets)
  Number of Unrouted Nets             = 10
  Number of Partially Routed Nets     = 0
  Number of Node Overlaps             = 0

Phase 2 Router Initialization | Checksum: 2afb3d925

Time (s): cpu = 00:00:11 ; elapsed = 00:00:09 . Memory (MB): peak = 2678.191 ; gain = 127.668 ; free physical = 2702 ; free virtual = 21646

Phase 3 Global Routing
Phase 3 Global Routing | Checksum: 2afb3d925

Time (s): cpu = 00:00:11 ; elapsed = 00:00:09 . Memory (MB): peak = 2678.191 ; gain = 127.668 ; free physical = 2702 ; free virtual = 21646

Phase 4 Initial Routing

Phase 4.1 Initial Net Routing Pass
Phase 4.1 Initial Net Routing Pass | Checksum: 201ca2cb8

Time (s): cpu = 00:00:11 ; elapsed = 00:00:09 . Memory (MB): peak = 2678.191 ; gain = 127.668 ; free physical = 2702 ; free virtual = 21646
Phase 4 Initial Routing | Checksum: 201ca2cb8

Time (s): cpu = 00:00:11 ; elapsed = 00:00:09 . Memory (MB): peak = 2678.191 ; gain = 127.668 ; free physical = 2702 ; free virtual = 21646

Phase 5 Rip-up And Reroute

Phase 5.1 Global Iteration 0
 Number of Nodes with overlaps = 0
Phase 5.1 Global Iteration 0 | Checksum: 204b60f7f

Time (s): cpu = 00:00:11 ; elapsed = 00:00:09 . Memory (MB): peak = 2678.191 ; gain = 127.668 ; free physical = 2702 ; free virtual = 21646
Phase 5 Rip-up And Reroute | Checksum: 204b60f7f

Time (s): cpu = 00:00:11 ; elapsed = 00:00:09 . Memory (MB): peak = 2678.191 ; gain = 127.668 ; free physical = 2702 ; free virtual = 21646

Phase 6 Delay and Skew Optimization
Phase 6 Delay and Skew Optimization | Checksum: 204b60f7f

Time (s): cpu = 00:00:11 ; elapsed = 00:00:09 . Memory (MB): peak = 2678.191 ; gain = 127.668 ; free physical = 2702 ; free virtual = 21646

Phase 7 Post Hold Fix

Phase 7.1 Hold Fix Iter
Phase 7.1 Hold Fix Iter | Checksum: 204b60f7f

Time (s): cpu = 00:00:11 ; elapsed = 00:00:09 . Memory (MB): peak = 2678.191 ; gain = 127.668 ; free physical = 2702 ; free virtual = 21646
Phase 7 Post Hold Fix | Checksum: 204b60f7f

Time (s): cpu = 00:00:11 ; elapsed = 00:00:09 . Memory (MB): peak = 2678.191 ; gain = 127.668 ; free physical = 2702 ; free virtual = 21646

Phase 8 Route finalize

Router Utilization Summary
  Global Vertical Routing Utilization    = 0.00231205 %
  Global Horizontal Routing Utilization  = 0.00312337 %
  Routable Net Status*
  *Does not include unroutable nets such as driverless and loadless.
  Run report_route_status for detailed report.
  Number of Failed Nets               = 0
    (Failed Nets is the sum of unrouted and partially routed nets)
  Number of Unrouted Nets             = 0
  Number of Partially Routed Nets     = 0
  Number of Node Overlaps             = 0


--GLOBAL Congestion:
Utilization threshold used for congestion level computation: 0.85
Congestion Report
North Dir 1x1 Area, Max Cong = 0.900901%, No Congested Regions.
South Dir 1x1 Area, Max Cong = 10.8108%, No Congested Regions.
East Dir 1x1 Area, Max Cong = 2.94118%, No Congested Regions.
West Dir 1x1 Area, Max Cong = 11.7647%, No Congested Regions.

------------------------------
Reporting congestion hotspots
------------------------------
Direction: North
----------------
Congested clusters found at Level 0
Effective congestion level: 0 Aspect Ratio: 1 Sparse Ratio: 0
Direction: South
----------------
Congested clusters found at Level 0
Effective congestion level: 0 Aspect Ratio: 1 Sparse Ratio: 0
Direction: East
----------------
Congested clusters found at Level 0
Effective congestion level: 0 Aspect Ratio: 1 Sparse Ratio: 0
Direction: West
----------------
Congested clusters found at Level 0
Effective congestion level: 0 Aspect Ratio: 1 Sparse Ratio: 0

Phase 8 Route finalize | Checksum: 204b60f7f

Time (s): cpu = 00:00:11 ; elapsed = 00:00:09 . Memory (MB): peak = 2678.191 ; gain = 127.668 ; free physical = 2702 ; free virtual = 21646

Phase 9 Verifying routed nets

 Verification completed successfully
Phase 9 Verifying routed nets | Checksum: 204b60f7f

Time (s): cpu = 00:00:11 ; elapsed = 00:00:09 . Memory (MB): peak = 2678.191 ; gain = 127.668 ; free physical = 2702 ; free virtual = 21646

Phase 10 Depositing Routes
Phase 10 Depositing Routes | Checksum: 1ff8e9e26

Time (s): cpu = 00:00:11 ; elapsed = 00:00:09 . Memory (MB): peak = 2678.191 ; gain = 127.668 ; free physical = 2702 ; free virtual = 21646

Phase 11 Post Process Routing
Phase 11 Post Process Routing | Checksum: 1ff8e9e26

Time (s): cpu = 00:00:11 ; elapsed = 00:00:09 . Memory (MB): peak = 2678.191 ; gain = 127.668 ; free physical = 2702 ; free virtual = 21646
Total Elapsed time in route_design: 9.14 secs

Phase 12 Post-Route Event Processing
Phase 12 Post-Route Event Processing | Checksum: 1ca3945e1

Time (s): cpu = 00:00:11 ; elapsed = 00:00:09 . Memory (MB): peak = 2678.191 ; gain = 127.668 ; free physical = 2702 ; free virtual = 21646
INFO: [Route 35-16] Router Completed Successfully
Ending Routing Task | Checksum: 1ca3945e1

Time (s): cpu = 00:00:11 ; elapsed = 00:00:09 . Memory (MB): peak = 2678.191 ; gain = 127.668 ; free physical = 2702 ; free virtual = 21646

Routing Is Done.
INFO: [Common 17-83] Releasing license: Implementation
56 Infos, 1 Warnings, 0 Critical Warnings and 0 Errors encountered.
route_design completed successfully
route_design: Time (s): cpu = 00:00:11 ; elapsed = 00:00:09 . Memory (MB): peak = 2678.949 ; gain = 128.426 ; free physical = 2702 ; free virtual = 21646
INFO: [Vivado 12-24828] Executing command : report_drc -file sllN_drc_routed.rpt -pb sllN_drc_routed.pb -rpx sllN_drc_routed.rpx
Command: report_drc -file sllN_drc_routed.rpt -pb sllN_drc_routed.pb -rpx sllN_drc_routed.rpx
INFO: [IP_Flow 19-1839] IP Catalog is up to date.
INFO: [DRC 23-27] Running DRC with 8 threads
INFO: [Vivado_Tcl 2-168] The results of DRC are in file /home/Sol/CMPE-260-Digital-System-Design-II/sllN/sllN.runs/impl_1/sllN_drc_routed.rpt.
report_drc completed successfully
INFO: [Vivado 12-24828] Executing command : report_methodology -file sllN_methodology_drc_routed.rpt -pb sllN_methodology_drc_routed.pb -rpx sllN_methodology_drc_routed.rpx
Command: report_methodology -file sllN_methodology_drc_routed.rpt -pb sllN_methodology_drc_routed.pb -rpx sllN_methodology_drc_routed.rpx
INFO: [Timing 38-35] Done setting XDC timing constraints.
INFO: [DRC 23-133] Running Methodology with 8 threads
INFO: [Vivado_Tcl 2-1520] The results of Report Methodology are in file /home/Sol/CMPE-260-Digital-System-Design-II/sllN/sllN.runs/impl_1/sllN_methodology_drc_routed.rpt.
report_methodology completed successfully
INFO: [Vivado 12-24828] Executing command : report_timing_summary -max_paths 10 -report_unconstrained -file sllN_timing_summary_routed.rpt -pb sllN_timing_summary_routed.pb -rpx sllN_timing_summary_routed.rpx -warn_on_violation 
INFO: [Timing 38-35] Done setting XDC timing constraints.
INFO: [Timing 38-91] UpdateTimingParams: Speed grade: -1, Delay Type: min_max.
INFO: [Timing 38-191] Multithreading enabled for timing update using a maximum of 8 CPUs
WARNING: [Timing 38-313] There are no user specified timing constraints. Timing constraints are needed for proper timing analysis.
INFO: [Vivado 12-24838] Running report commands "report_bus_skew, report_incremental_reuse, report_route_status" in parallel.
Running report generation with 3 threads.
INFO: [Vivado 12-24828] Executing command : report_route_status -file sllN_route_status.rpt -pb sllN_route_status.pb
INFO: [Vivado 12-24828] Executing command : report_incremental_reuse -file sllN_incremental_reuse_routed.rpt
INFO: [Vivado_Tcl 4-1062] Incremental flow is disabled. No incremental reuse Info to report.
INFO: [Vivado 12-24828] Executing command : report_bus_skew -warn_on_violation -file sllN_bus_skew_routed.rpt -pb sllN_bus_skew_routed.pb -rpx sllN_bus_skew_routed.rpx
INFO: [Timing 38-91] UpdateTimingParams: Speed grade: -1, Delay Type: min_max.
INFO: [Timing 38-191] Multithreading enabled for timing update using a maximum of 8 CPUs
INFO: [Vivado 12-24828] Executing command : report_power -file sllN_power_routed.rpt -pb sllN_power_summary_routed.pb -rpx sllN_power_routed.rpx
Command: report_power -file sllN_power_routed.rpt -pb sllN_power_summary_routed.pb -rpx sllN_power_routed.rpx
WARNING: [Power 33-232] No user defined clocks were found in the design! Power estimation will be inaccurate until this is corrected.
Resolution: Please specify clocks using create_clock/create_generated_clock for sequential elements. For pure combinatorial circuits, please specify a virtual clock, otherwise the vectorless estimation might be inaccurate
Running Vector-less Activity Propagation...

Finished Running Vector-less Activity Propagation
76 Infos, 3 Warnings, 0 Critical Warnings and 0 Errors encountered.
report_power completed successfully
INFO: [Vivado 12-24828] Executing command : report_clock_utilization -file sllN_clock_utilization_routed.rpt
Write ShapeDB Complete: Time (s): cpu = 00:00:00 ; elapsed = 00:00:00 . Memory (MB): peak = 2753.570 ; gain = 0.000 ; free physical = 2673 ; free virtual = 21617
Wrote PlaceDB: Time (s): cpu = 00:00:00 ; elapsed = 00:00:00 . Memory (MB): peak = 2753.570 ; gain = 0.000 ; free physical = 2673 ; free virtual = 21617
Wrote PulsedLatchDB: Time (s): cpu = 00:00:00 ; elapsed = 00:00:00 . Memory (MB): peak = 2753.570 ; gain = 0.000 ; free physical = 2673 ; free virtual = 21617
Writing XDEF routing.
Writing XDEF routing logical nets.
Writing XDEF routing special nets.
Wrote RouteStorage: Time (s): cpu = 00:00:00.01 ; elapsed = 00:00:00.01 . Memory (MB): peak = 2753.570 ; gain = 0.000 ; free physical = 2673 ; free virtual = 21617
Wrote Netlist Cache: Time (s): cpu = 00:00:00 ; elapsed = 00:00:00 . Memory (MB): peak = 2753.570 ; gain = 0.000 ; free physical = 2673 ; free virtual = 21617
Wrote Device Cache: Time (s): cpu = 00:00:00 ; elapsed = 00:00:00 . Memory (MB): peak = 2753.570 ; gain = 0.000 ; free physical = 2673 ; free virtual = 21617
Write Physdb Complete: Time (s): cpu = 00:00:00.02 ; elapsed = 00:00:00.01 . Memory (MB): peak = 2753.570 ; gain = 0.000 ; free physical = 2673 ; free virtual = 21617
INFO: [Common 17-1381] The checkpoint '/home/Sol/CMPE-260-Digital-System-Design-II/sllN/sllN.runs/impl_1/sllN_routed.dcp' has been generated.
INFO: [Common 17-206] Exiting Vivado at Wed Jan 15 15:20:39 2025...
