
*** Running vivado
    with args -log alu32.vds -m64 -product Vivado -mode batch -messageDb vivado.pb -notrace -source alu32.tcl


****** Vivado v2024.2.1 (64-bit)
  **** SW Build 5266912 on Sun Dec 15 09:03:31 MST 2024
  **** IP Build 5264866 on Sun Dec 15 16:27:47 MST 2024
  **** SharedData Build 5264680 on Wed Dec 11 12:48:36 MST 2024
  **** Start of session at: Tue Jan 28 19:04:29 2025
    ** Copyright 1986-2022 Xilinx, Inc. All Rights Reserved.
    ** Copyright 2022-2024 Advanced Micro Devices, Inc. All Rights Reserved.

source alu32.tcl -notrace
Command: read_checkpoint -auto_incremental -incremental /home/Sol/CMPE-260-Digital-System-Design-II/alu32/alu32.srcs/utils_1/imports/synth_1/alu32.dcp
INFO: [Vivado 12-5825] Read reference checkpoint from /home/Sol/CMPE-260-Digital-System-Design-II/alu32/alu32.srcs/utils_1/imports/synth_1/alu32.dcp for incremental synthesis
INFO: [Vivado 12-7989] Please ensure there are no constraint changes
Command: synth_design -top alu32 -part xc7a35tcpg236-1
Starting synth_design
Attempting to get a license for feature 'Synthesis' and/or device 'xc7a35t'
INFO: [Common 17-349] Got license for feature 'Synthesis' and/or device 'xc7a35t'
INFO: [Designutils 20-5440] No compile time benefit to using incremental synthesis; A full resynthesis will be run
INFO: [Designutils 20-4379] Flow is switching to default flow due to incremental criteria not met. If you would like to alter this behaviour and have the flow terminate instead, please set the following parameter config_implementation {autoIncr.Synth.RejectBehavior Terminate}
INFO: [Synth 8-7079] Multithreading enabled for synth_design using a maximum of 7 processes.
INFO: [Synth 8-7078] Launching helper process for spawning children vivado processes
INFO: [Synth 8-7075] Helper process launched with PID 121419
---------------------------------------------------------------------------------
Starting Synthesize : Time (s): cpu = 00:00:02 ; elapsed = 00:00:03 . Memory (MB): peak = 1726.422 ; gain = 293.852 ; free physical = 4373 ; free virtual = 26316
---------------------------------------------------------------------------------
INFO: [Synth 8-638] synthesizing module 'alu32' [/home/Sol/CMPE-260-Digital-System-Design-II/alu32/alu32.srcs/sources_1/new/alu32.vhd:27]
INFO: [Synth 8-638] synthesizing module 'notN' [/home/Sol/CMPE-260-Digital-System-Design-II/alu32/alu32.srcs/sources_1/new/notN.vhd:24]
	Parameter N bound to: 32 - type: integer 
INFO: [Synth 8-256] done synthesizing module 'notN' (0#1) [/home/Sol/CMPE-260-Digital-System-Design-II/alu32/alu32.srcs/sources_1/new/notN.vhd:24]
INFO: [Synth 8-638] synthesizing module 'sllN' [/home/Sol/CMPE-260-Digital-System-Design-II/alu32/alu32.srcs/sources_1/new/sllN.vhd:27]
	Parameter N bound to: 32 - type: integer 
	Parameter M bound to: 5 - type: integer 
INFO: [Synth 8-256] done synthesizing module 'sllN' (0#1) [/home/Sol/CMPE-260-Digital-System-Design-II/alu32/alu32.srcs/sources_1/new/sllN.vhd:27]
INFO: [Synth 8-638] synthesizing module 'lorN' [/home/Sol/CMPE-260-Digital-System-Design-II/alu32/alu32.srcs/sources_1/new/lorN.vhd:25]
	Parameter N bound to: 32 - type: integer 
INFO: [Synth 8-256] done synthesizing module 'lorN' (0#1) [/home/Sol/CMPE-260-Digital-System-Design-II/alu32/alu32.srcs/sources_1/new/lorN.vhd:25]
INFO: [Synth 8-638] synthesizing module 'srlN' [/home/Sol/CMPE-260-Digital-System-Design-II/alu32/alu32.srcs/sources_1/new/srlN.vhd:27]
	Parameter N bound to: 32 - type: integer 
	Parameter M bound to: 5 - type: integer 
INFO: [Synth 8-256] done synthesizing module 'srlN' (0#1) [/home/Sol/CMPE-260-Digital-System-Design-II/alu32/alu32.srcs/sources_1/new/srlN.vhd:27]
INFO: [Synth 8-638] synthesizing module 'landN' [/home/Sol/CMPE-260-Digital-System-Design-II/alu32/alu32.srcs/sources_1/new/landN.vhd:25]
	Parameter N bound to: 32 - type: integer 
INFO: [Synth 8-256] done synthesizing module 'landN' (0#1) [/home/Sol/CMPE-260-Digital-System-Design-II/alu32/alu32.srcs/sources_1/new/landN.vhd:25]
INFO: [Synth 8-638] synthesizing module 'lxorN' [/home/Sol/CMPE-260-Digital-System-Design-II/alu32/alu32.srcs/sources_1/new/lxorN.vhd:25]
	Parameter N bound to: 32 - type: integer 
INFO: [Synth 8-256] done synthesizing module 'lxorN' (0#1) [/home/Sol/CMPE-260-Digital-System-Design-II/alu32/alu32.srcs/sources_1/new/lxorN.vhd:25]
INFO: [Synth 8-638] synthesizing module 'sraN' [/home/Sol/CMPE-260-Digital-System-Design-II/alu32/alu32.srcs/sources_1/new/sraN.vhd:27]
	Parameter N bound to: 32 - type: integer 
	Parameter M bound to: 5 - type: integer 
INFO: [Synth 8-256] done synthesizing module 'sraN' (0#1) [/home/Sol/CMPE-260-Digital-System-Design-II/alu32/alu32.srcs/sources_1/new/sraN.vhd:27]
INFO: [Synth 8-256] done synthesizing module 'alu32' (0#1) [/home/Sol/CMPE-260-Digital-System-Design-II/alu32/alu32.srcs/sources_1/new/alu32.vhd:27]
---------------------------------------------------------------------------------
Finished Synthesize : Time (s): cpu = 00:00:03 ; elapsed = 00:00:03 . Memory (MB): peak = 1798.391 ; gain = 365.820 ; free physical = 4318 ; free virtual = 26260
---------------------------------------------------------------------------------
---------------------------------------------------------------------------------
Finished Constraint Validation : Time (s): cpu = 00:00:04 ; elapsed = 00:00:04 . Memory (MB): peak = 1816.203 ; gain = 383.633 ; free physical = 4306 ; free virtual = 26248
---------------------------------------------------------------------------------
---------------------------------------------------------------------------------
Start Loading Part and Timing Information
---------------------------------------------------------------------------------
Loading part: xc7a35tcpg236-1
INFO: [Device 21-403] Loading part xc7a35tcpg236-1
---------------------------------------------------------------------------------
Finished Loading Part and Timing Information : Time (s): cpu = 00:00:04 ; elapsed = 00:00:04 . Memory (MB): peak = 1824.207 ; gain = 391.637 ; free physical = 4302 ; free virtual = 26244
---------------------------------------------------------------------------------
---------------------------------------------------------------------------------
Finished RTL Optimization Phase 2 : Time (s): cpu = 00:00:04 ; elapsed = 00:00:04 . Memory (MB): peak = 1833.113 ; gain = 400.543 ; free physical = 4293 ; free virtual = 26232
---------------------------------------------------------------------------------
No constraint files found.
---------------------------------------------------------------------------------
Start RTL Component Statistics 
---------------------------------------------------------------------------------
Detailed RTL Component Info : 
+---XORs : 
	   2 Input     32 Bit         XORs := 1     
---------------------------------------------------------------------------------
Finished RTL Component Statistics 
---------------------------------------------------------------------------------
---------------------------------------------------------------------------------
Start Part Resource Summary
---------------------------------------------------------------------------------
Part Resources:
DSPs: 90 (col length:60)
BRAMs: 100 (col length: RAMB18 60 RAMB36 30)
---------------------------------------------------------------------------------
Finished Part Resource Summary
---------------------------------------------------------------------------------
No constraint files found.
---------------------------------------------------------------------------------
Start Cross Boundary and Area Optimization
---------------------------------------------------------------------------------
WARNING: [Synth 8-7080] Parallel synthesis criteria is not met
---------------------------------------------------------------------------------
Finished Cross Boundary and Area Optimization : Time (s): cpu = 00:00:06 ; elapsed = 00:00:07 . Memory (MB): peak = 1958.035 ; gain = 525.465 ; free physical = 4173 ; free virtual = 26119
---------------------------------------------------------------------------------
No constraint files found.
---------------------------------------------------------------------------------
Start Timing Optimization
---------------------------------------------------------------------------------
---------------------------------------------------------------------------------
Finished Timing Optimization : Time (s): cpu = 00:00:06 ; elapsed = 00:00:07 . Memory (MB): peak = 1961.004 ; gain = 528.434 ; free physical = 4173 ; free virtual = 26119
---------------------------------------------------------------------------------
---------------------------------------------------------------------------------
Start Technology Mapping
---------------------------------------------------------------------------------
---------------------------------------------------------------------------------
Finished Technology Mapping : Time (s): cpu = 00:00:07 ; elapsed = 00:00:07 . Memory (MB): peak = 1961.004 ; gain = 528.434 ; free physical = 4173 ; free virtual = 26119
---------------------------------------------------------------------------------
---------------------------------------------------------------------------------
Start IO Insertion
---------------------------------------------------------------------------------
---------------------------------------------------------------------------------
Start Flattening Before IO Insertion
---------------------------------------------------------------------------------
---------------------------------------------------------------------------------
Finished Flattening Before IO Insertion
---------------------------------------------------------------------------------
---------------------------------------------------------------------------------
Start Final Netlist Cleanup
---------------------------------------------------------------------------------
---------------------------------------------------------------------------------
Finished Final Netlist Cleanup
---------------------------------------------------------------------------------
---------------------------------------------------------------------------------
Finished IO Insertion : Time (s): cpu = 00:00:09 ; elapsed = 00:00:09 . Memory (MB): peak = 2092.816 ; gain = 660.246 ; free physical = 4058 ; free virtual = 26005
---------------------------------------------------------------------------------
---------------------------------------------------------------------------------
Start Renaming Generated Instances
---------------------------------------------------------------------------------
---------------------------------------------------------------------------------
Finished Renaming Generated Instances : Time (s): cpu = 00:00:09 ; elapsed = 00:00:09 . Memory (MB): peak = 2092.816 ; gain = 660.246 ; free physical = 4058 ; free virtual = 26005
---------------------------------------------------------------------------------
---------------------------------------------------------------------------------
Start Rebuilding User Hierarchy
---------------------------------------------------------------------------------
---------------------------------------------------------------------------------
Finished Rebuilding User Hierarchy : Time (s): cpu = 00:00:09 ; elapsed = 00:00:09 . Memory (MB): peak = 2092.816 ; gain = 660.246 ; free physical = 4058 ; free virtual = 26005
---------------------------------------------------------------------------------
---------------------------------------------------------------------------------
Start Renaming Generated Ports
---------------------------------------------------------------------------------
---------------------------------------------------------------------------------
Finished Renaming Generated Ports : Time (s): cpu = 00:00:09 ; elapsed = 00:00:09 . Memory (MB): peak = 2092.816 ; gain = 660.246 ; free physical = 4058 ; free virtual = 26005
---------------------------------------------------------------------------------
---------------------------------------------------------------------------------
Start Handling Custom Attributes
---------------------------------------------------------------------------------
---------------------------------------------------------------------------------
Finished Handling Custom Attributes : Time (s): cpu = 00:00:09 ; elapsed = 00:00:09 . Memory (MB): peak = 2092.816 ; gain = 660.246 ; free physical = 4058 ; free virtual = 26005
---------------------------------------------------------------------------------
---------------------------------------------------------------------------------
Start Renaming Generated Nets
---------------------------------------------------------------------------------
---------------------------------------------------------------------------------
Finished Renaming Generated Nets : Time (s): cpu = 00:00:09 ; elapsed = 00:00:09 . Memory (MB): peak = 2092.816 ; gain = 660.246 ; free physical = 4058 ; free virtual = 26005
---------------------------------------------------------------------------------
---------------------------------------------------------------------------------
Start Writing Synthesis Report
---------------------------------------------------------------------------------

Report BlackBoxes: 
+-+--------------+----------+
| |BlackBox name |Instances |
+-+--------------+----------+
+-+--------------+----------+

Report Cell Usage: 
+------+-----+------+
|      |Cell |Count |
+------+-----+------+
|1     |LUT3 |    14|
|2     |LUT4 |    49|
|3     |LUT5 |    60|
|4     |LUT6 |   154|
|5     |IBUF |    68|
|6     |OBUF |    32|
+------+-----+------+

Report Instance Areas: 
+------+---------+-------+------+
|      |Instance |Module |Cells |
+------+---------+-------+------+
|1     |top      |       |   377|
+------+---------+-------+------+
---------------------------------------------------------------------------------
Finished Writing Synthesis Report : Time (s): cpu = 00:00:09 ; elapsed = 00:00:09 . Memory (MB): peak = 2092.816 ; gain = 660.246 ; free physical = 4058 ; free virtual = 26005
---------------------------------------------------------------------------------
Synthesis finished with 0 errors, 0 critical warnings and 1 warnings.
Synthesis Optimization Runtime : Time (s): cpu = 00:00:09 ; elapsed = 00:00:09 . Memory (MB): peak = 2092.816 ; gain = 660.246 ; free physical = 4058 ; free virtual = 26005
Synthesis Optimization Complete : Time (s): cpu = 00:00:09 ; elapsed = 00:00:09 . Memory (MB): peak = 2092.824 ; gain = 660.246 ; free physical = 4058 ; free virtual = 26005
INFO: [Project 1-571] Translating synthesized netlist
Netlist sorting complete. Time (s): cpu = 00:00:00 ; elapsed = 00:00:00 . Memory (MB): peak = 2107.691 ; gain = 0.000 ; free physical = 4252 ; free virtual = 26198
INFO: [Project 1-570] Preparing netlist for logic optimization
INFO: [Opt 31-138] Pushed 0 inverter(s) to 0 load pin(s).
Netlist sorting complete. Time (s): cpu = 00:00:00 ; elapsed = 00:00:00 . Memory (MB): peak = 2261.344 ; gain = 0.000 ; free physical = 4165 ; free virtual = 26112
INFO: [Project 1-111] Unisim Transformation Summary:
No Unisim elements were transformed.

Synth Design complete | Checksum: b2d8b7da
INFO: [Common 17-83] Releasing license: Synthesis
30 Infos, 1 Warnings, 0 Critical Warnings and 0 Errors encountered.
synth_design completed successfully
synth_design: Time (s): cpu = 00:00:12 ; elapsed = 00:00:11 . Memory (MB): peak = 2261.344 ; gain = 828.785 ; free physical = 4165 ; free virtual = 26112
INFO: [Common 17-2834] synth_design peak Physical Memory [PSS] (MB): overall = 1497.401; main = 1497.401; forked = 0.000
INFO: [Common 17-2834] synth_design peak Virtual Memory [VSS] (MB): overall = 2261.348; main = 2261.348; forked = 0.000
Write ShapeDB Complete: Time (s): cpu = 00:00:00.01 ; elapsed = 00:00:00 . Memory (MB): peak = 2285.355 ; gain = 0.000 ; free physical = 4165 ; free virtual = 26112
INFO: [Common 17-1381] The checkpoint '/home/Sol/CMPE-260-Digital-System-Design-II/alu32/alu32.runs/synth_1/alu32.dcp' has been generated.
INFO: [Vivado 12-24828] Executing command : report_utilization -file alu32_utilization_synth.rpt -pb alu32_utilization_synth.pb
INFO: [Common 17-206] Exiting Vivado at Tue Jan 28 19:04:43 2025...
